[ 2017-12-29T08:42:20+08:00 ] 182.254.86.152 /my/thinkphp/index.php/Home/weixin/checkSignature?signature=cc2f28a02db07650298111552a9877b94259e530&timestamp=1514508140&nonce=1401584589&openid=obhQAxMsazreD8iqxCQaNPjUHLx0
INFO: [ app_init ] --START--
INFO: Run Behavior\BuildLiteBehavior [ RunTime:0.000014s ]
INFO: [ app_init ] --END-- [ RunTime:0.000541s ]
INFO: [ app_begin ] --START--
INFO: Run Behavior\ReadHtmlCacheBehavior [ RunTime:0.000265s ]
INFO: [ app_begin ] --END-- [ RunTime:0.000304s ]
NOTIC: [8] Undefined index: echostr /data/httpd/my/thinkphp/Application/Home/Controller/WeixinController.class.php 第 31 行.
INFO: [ app_end ] --START--
INFO: Run Behavior\ShowPageTraceBehavior [ RunTime:0.000299s ]
INFO: [ app_end ] --END-- [ RunTime:0.000340s ]

[ 2017-12-29T11:22:47+08:00 ] 183.57.53.196 /my/thinkphp/index.php/Home/weixin/checkSignature?signature%3Dcc2f28a02db07650298111552a9877b94259e530%26timestamp%3D1514508140%26nonce%3D1401584589%26openid%3DobhQAxMsazreD8iqxCQaNPjUHLx0
INFO: [ app_init ] --START--
INFO: Run Behavior\BuildLiteBehavior [ RunTime:0.000013s ]
INFO: [ app_init ] --END-- [ RunTime:0.000401s ]
INFO: [ app_begin ] --START--
INFO: Run Behavior\ReadHtmlCacheBehavior [ RunTime:0.000334s ]
INFO: [ app_begin ] --END-- [ RunTime:0.000387s ]
NOTIC: [8] Undefined index: signature /data/httpd/my/thinkphp/Application/Home/Controller/WeixinController.class.php 第 27 行.
NOTIC: [8] Undefined index: nonce /data/httpd/my/thinkphp/Application/Home/Controller/WeixinController.class.php 第 28 行.
NOTIC: [8] Undefined index: timestamp /data/httpd/my/thinkphp/Application/Home/Controller/WeixinController.class.php 第 30 行.
NOTIC: [8] Undefined index: echostr /data/httpd/my/thinkphp/Application/Home/Controller/WeixinController.class.php 第 31 行.
NOTIC: [8] Undefined index: HTTP_RAW_POST_DATA /data/httpd/my/thinkphp/Application/Home/Controller/WeixinController.class.php 第 43 行.
NOTIC: [8] Trying to get property of non-object /data/httpd/my/thinkphp/Application/Home/Controller/WeixinController.class.php 第 46 行.
INFO: [ app_end ] --START--
INFO: Run Behavior\ShowPageTraceBehavior [ RunTime:0.000323s ]
INFO: [ app_end ] --END-- [ RunTime:0.000365s ]

[ 2017-12-29T12:47:35+08:00 ] 182.254.86.140 /my/thinkphp/index.php/Home/weixin/checkSignature?signature=c3f5f9cfb3950a53e528f5ba4b248170ba291812&timestamp=1514522855&nonce=1208878184&openid=obhQAxKqgTFVObbBwTr5nhOl-YcY
INFO: [ app_init ] --START--
INFO: Run Behavior\BuildLiteBehavior [ RunTime:0.000015s ]
INFO: [ app_init ] --END-- [ RunTime:0.000383s ]
INFO: [ app_begin ] --START--
INFO: Run Behavior\ReadHtmlCacheBehavior [ RunTime:0.000298s ]
INFO: [ app_begin ] --END-- [ RunTime:0.000332s ]
NOTIC: [8] Undefined index: echostr /data/httpd/my/thinkphp/Application/Home/Controller/WeixinController.class.php 第 31 行.
INFO: [ app_end ] --START--
INFO: Run Behavior\ShowPageTraceBehavior [ RunTime:0.000290s ]
INFO: [ app_end ] --END-- [ RunTime:0.000321s ]

[ 2017-12-29T14:09:31+08:00 ] 112.90.82.218 /my/thinkphp/index.php/Home/weixin/checkSignature?signature%253Dcc2f28a02db07650298111552a9877b94259e530%2526timestamp%253D1514508140%2526nonce%253D1401584589%2526openid%253DobhQAxMsazreD8iqxCQaNPjUHLx0
INFO: [ app_init ] --START--
INFO: Run Behavior\BuildLiteBehavior [ RunTime:0.000014s ]
INFO: [ app_init ] --END-- [ RunTime:0.000161s ]
INFO: [ app_begin ] --START--
INFO: Run Behavior\ReadHtmlCacheBehavior [ RunTime:0.000083s ]
INFO: [ app_begin ] --END-- [ RunTime:0.000123s ]
NOTIC: [8] Undefined index: signature /data/httpd/my/thinkphp/Application/Home/Controller/WeixinController.class.php 第 27 行.
NOTIC: [8] Undefined index: nonce /data/httpd/my/thinkphp/Application/Home/Controller/WeixinController.class.php 第 28 行.
NOTIC: [8] Undefined index: timestamp /data/httpd/my/thinkphp/Application/Home/Controller/WeixinController.class.php 第 30 行.
NOTIC: [8] Undefined index: echostr /data/httpd/my/thinkphp/Application/Home/Controller/WeixinController.class.php 第 31 行.
NOTIC: [8] Undefined index: HTTP_RAW_POST_DATA /data/httpd/my/thinkphp/Application/Home/Controller/WeixinController.class.php 第 43 行.
NOTIC: [8] Trying to get property of non-object /data/httpd/my/thinkphp/Application/Home/Controller/WeixinController.class.php 第 46 行.
INFO: [ app_end ] --START--
INFO: Run Behavior\ShowPageTraceBehavior [ RunTime:0.000087s ]
INFO: [ app_end ] --END-- [ RunTime:0.000122s ]

[ 2017-12-29T15:03:48+08:00 ] 101.226.64.174 /my/thinkphp/index.php/Home/weixin/checkSignature?signature%3Dc3f5f9cfb3950a53e528f5ba4b248170ba291812%26timestamp%3D1514522855%26nonce%3D1208878184%26openid%3DobhQAxKqgTFVObbBwTr5nhOl-YcY
INFO: [ app_init ] --START--
INFO: Run Behavior\BuildLiteBehavior [ RunTime:0.000013s ]
INFO: [ app_init ] --END-- [ RunTime:0.000377s ]
INFO: [ app_begin ] --START--
INFO: Run Behavior\ReadHtmlCacheBehavior [ RunTime:0.000297s ]
INFO: [ app_begin ] --END-- [ RunTime:0.000331s ]
NOTIC: [8] Undefined index: signature /data/httpd/my/thinkphp/Application/Home/Controller/WeixinController.class.php 第 27 行.
NOTIC: [8] Undefined index: nonce /data/httpd/my/thinkphp/Application/Home/Controller/WeixinController.class.php 第 28 行.
NOTIC: [8] Undefined index: timestamp /data/httpd/my/thinkphp/Application/Home/Controller/WeixinController.class.php 第 30 行.
NOTIC: [8] Undefined index: echostr /data/httpd/my/thinkphp/Application/Home/Controller/WeixinController.class.php 第 31 行.
NOTIC: [8] Undefined index: HTTP_RAW_POST_DATA /data/httpd/my/thinkphp/Application/Home/Controller/WeixinController.class.php 第 43 行.
NOTIC: [8] Trying to get property of non-object /data/httpd/my/thinkphp/Application/Home/Controller/WeixinController.class.php 第 46 行.
INFO: [ app_end ] --START--
INFO: Run Behavior\ShowPageTraceBehavior [ RunTime:0.000300s ]
INFO: [ app_end ] --END-- [ RunTime:0.000341s ]

[ 2017-12-29T21:19:50+08:00 ] 122.192.14.41 /my/thinkphp/
INFO: [ app_init ] --START--
INFO: Run Behavior\BuildLiteBehavior [ RunTime:0.000015s ]
INFO: [ app_init ] --END-- [ RunTime:0.000610s ]
INFO: [ app_begin ] --START--
INFO: Run Behavior\ReadHtmlCacheBehavior [ RunTime:0.000319s ]
INFO: [ app_begin ] --END-- [ RunTime:0.000351s ]
NOTIC: [8] Undefined index: signature /data/httpd/my/thinkphp/Application/Home/Controller/IndexController.class.php 第 14 行.
NOTIC: [8] Undefined index: nonce /data/httpd/my/thinkphp/Application/Home/Controller/IndexController.class.php 第 15 行.
NOTIC: [8] Undefined index: timestamp /data/httpd/my/thinkphp/Application/Home/Controller/IndexController.class.php 第 17 行.
NOTIC: [8] Undefined index: echostr /data/httpd/my/thinkphp/Application/Home/Controller/IndexController.class.php 第 18 行.
NOTIC: [8] Undefined index: HTTP_RAW_POST_DATA /data/httpd/my/thinkphp/Application/Home/Controller/IndexController.class.php 第 91 行.
NOTIC: [8] Trying to get property of non-object /data/httpd/my/thinkphp/Application/Home/Controller/IndexController.class.php 第 93 行.
NOTIC: [8] Trying to get property of non-object /data/httpd/my/thinkphp/Application/Home/Controller/IndexController.class.php 第 94 行.
NOTIC: [8] Trying to get property of non-object /data/httpd/my/thinkphp/Application/Home/Controller/IndexController.class.php 第 96 行.
NOTIC: [8] Trying to get property of non-object /data/httpd/my/thinkphp/Application/Home/Controller/IndexController.class.php 第 97 行.
INFO: [ app_end ] --START--
INFO: Run Behavior\ShowPageTraceBehavior [ RunTime:0.000309s ]
INFO: [ app_end ] --END-- [ RunTime:0.000344s ]

[ 2017-12-29T21:26:28+08:00 ] 122.192.14.41 /my/thinkphp/index.php
INFO: [ app_init ] --START--
INFO: Run Behavior\BuildLiteBehavior [ RunTime:0.000012s ]
INFO: [ app_init ] --END-- [ RunTime:0.000128s ]
INFO: [ app_begin ] --START--
INFO: Run Behavior\ReadHtmlCacheBehavior [ RunTime:0.000073s ]
INFO: [ app_begin ] --END-- [ RunTime:0.000108s ]
NOTIC: [8] Undefined index: signature /data/httpd/my/thinkphp/Application/Home/Controller/IndexController.class.php 第 14 行.
NOTIC: [8] Undefined index: nonce /data/httpd/my/thinkphp/Application/Home/Controller/IndexController.class.php 第 15 行.
NOTIC: [8] Undefined index: timestamp /data/httpd/my/thinkphp/Application/Home/Controller/IndexController.class.php 第 17 行.
NOTIC: [8] Undefined index: echostr /data/httpd/my/thinkphp/Application/Home/Controller/IndexController.class.php 第 18 行.
NOTIC: [8] Undefined index: HTTP_RAW_POST_DATA /data/httpd/my/thinkphp/Application/Home/Controller/IndexController.class.php 第 91 行.
NOTIC: [8] Trying to get property of non-object /data/httpd/my/thinkphp/Application/Home/Controller/IndexController.class.php 第 93 行.
NOTIC: [8] Trying to get property of non-object /data/httpd/my/thinkphp/Application/Home/Controller/IndexController.class.php 第 94 行.
NOTIC: [8] Trying to get property of non-object /data/httpd/my/thinkphp/Application/Home/Controller/IndexController.class.php 第 96 行.
NOTIC: [8] Trying to get property of non-object /data/httpd/my/thinkphp/Application/Home/Controller/IndexController.class.php 第 97 行.
INFO: [ app_end ] --START--
INFO: Run Behavior\ShowPageTraceBehavior [ RunTime:0.000305s ]
INFO: [ app_end ] --END-- [ RunTime:0.000331s ]

[ 2017-12-29T21:30:52+08:00 ] 182.254.86.152 /my/thinkphp/index.php/Home/weixin/checkSignature?signature=08b7f163ba3ba45a3c2bacb2f23ceed4fc014717&echostr=6748159362514544574&timestamp=1514554252&nonce=719272449
INFO: [ app_init ] --START--
INFO: Run Behavior\BuildLiteBehavior [ RunTime:0.000014s ]
INFO: [ app_init ] --END-- [ RunTime:0.000127s ]
INFO: [ app_begin ] --START--
INFO: Run Behavior\ReadHtmlCacheBehavior [ RunTime:0.000077s ]
INFO: [ app_begin ] --END-- [ RunTime:0.000112s ]

[ 2017-12-29T21:31:03+08:00 ] 101.226.65.107 /my/thinkphp/index.php/Home/weixin/checkSignature
INFO: [ app_init ] --START--
INFO: Run Behavior\BuildLiteBehavior [ RunTime:0.000011s ]
INFO: [ app_init ] --END-- [ RunTime:0.000122s ]
INFO: [ app_begin ] --START--
INFO: Run Behavior\ReadHtmlCacheBehavior [ RunTime:0.000061s ]
INFO: [ app_begin ] --END-- [ RunTime:0.000100s ]
NOTIC: [8] Undefined index: signature /data/httpd/my/thinkphp/Application/Home/Controller/WeixinController.class.php 第 27 行.
NOTIC: [8] Undefined index: nonce /data/httpd/my/thinkphp/Application/Home/Controller/WeixinController.class.php 第 28 行.
NOTIC: [8] Undefined index: timestamp /data/httpd/my/thinkphp/Application/Home/Controller/WeixinController.class.php 第 30 行.
NOTIC: [8] Undefined index: echostr /data/httpd/my/thinkphp/Application/Home/Controller/WeixinController.class.php 第 31 行.
NOTIC: [8] Undefined index: HTTP_RAW_POST_DATA /data/httpd/my/thinkphp/Application/Home/Controller/WeixinController.class.php 第 43 行.
NOTIC: [8] Trying to get property of non-object /data/httpd/my/thinkphp/Application/Home/Controller/WeixinController.class.php 第 46 行.
INFO: [ app_end ] --START--
INFO: Run Behavior\ShowPageTraceBehavior [ RunTime:0.000065s ]
INFO: [ app_end ] --END-- [ RunTime:0.000089s ]

[ 2017-12-29T21:31:52+08:00 ] 120.204.17.67 /my/thinkphp/index.php/Home/weixin/checkSignature
INFO: [ app_init ] --START--
INFO: Run Behavior\BuildLiteBehavior [ RunTime:0.000012s ]
INFO: [ app_init ] --END-- [ RunTime:0.000121s ]
INFO: [ app_begin ] --START--
INFO: Run Behavior\ReadHtmlCacheBehavior [ RunTime:0.000124s ]
INFO: [ app_begin ] --END-- [ RunTime:0.000158s ]
NOTIC: [8] Undefined index: signature /data/httpd/my/thinkphp/Application/Home/Controller/WeixinController.class.php 第 27 行.
NOTIC: [8] Undefined index: nonce /data/httpd/my/thinkphp/Application/Home/Controller/WeixinController.class.php 第 28 行.
NOTIC: [8] Undefined index: timestamp /data/httpd/my/thinkphp/Application/Home/Controller/WeixinController.class.php 第 30 行.
NOTIC: [8] Undefined index: echostr /data/httpd/my/thinkphp/Application/Home/Controller/WeixinController.class.php 第 31 行.
NOTIC: [8] Undefined index: HTTP_RAW_POST_DATA /data/httpd/my/thinkphp/Application/Home/Controller/WeixinController.class.php 第 43 行.
NOTIC: [8] Trying to get property of non-object /data/httpd/my/thinkphp/Application/Home/Controller/WeixinController.class.php 第 46 行.
INFO: [ app_end ] --START--
INFO: Run Behavior\ShowPageTraceBehavior [ RunTime:0.000061s ]
INFO: [ app_end ] --END-- [ RunTime:0.000089s ]

[ 2017-12-29T21:34:12+08:00 ] 182.254.86.145 /my/thinkphp/index.php/Home/weixin/checkSignature?signature=c8378ebe5c931a9119d192e2c22219163fc1d860&timestamp=1514554452&nonce=39828010&openid=ofeBBwCThO9VZBF8QWuBd1-m0jCk
INFO: [ app_init ] --START--
INFO: Run Behavior\BuildLiteBehavior [ RunTime:0.000013s ]
INFO: [ app_init ] --END-- [ RunTime:0.000126s ]
INFO: [ app_begin ] --START--
INFO: Run Behavior\ReadHtmlCacheBehavior [ RunTime:0.000058s ]
INFO: [ app_begin ] --END-- [ RunTime:0.000096s ]
NOTIC: [8] Undefined index: echostr /data/httpd/my/thinkphp/Application/Home/Controller/WeixinController.class.php 第 31 行.
INFO: [ app_end ] --START--
INFO: Run Behavior\ShowPageTraceBehavior [ RunTime:0.000105s ]
INFO: [ app_end ] --END-- [ RunTime:0.000158s ]

[ 2017-12-29T21:44:51+08:00 ] 182.254.86.144 /my/thinkphp/index.php/Home/weixin/checkSignature?signature=427a0d4704933138a3817d1771bf0fd8c7d46b6b&timestamp=1514555091&nonce=769405262&openid=ofeBBwCThO9VZBF8QWuBd1-m0jCk
INFO: [ app_init ] --START--
INFO: Run Behavior\BuildLiteBehavior [ RunTime:0.000014s ]
INFO: [ app_init ] --END-- [ RunTime:0.000158s ]
INFO: [ app_begin ] --START--
INFO: Run Behavior\ReadHtmlCacheBehavior [ RunTime:0.000075s ]
INFO: [ app_begin ] --END-- [ RunTime:0.000119s ]
NOTIC: [8] Undefined index: echostr /data/httpd/my/thinkphp/Application/Home/Controller/WeixinController.class.php 第 31 行.
INFO: [ app_end ] --START--
INFO: Run Behavior\ShowPageTraceBehavior [ RunTime:0.000134s ]
INFO: [ app_end ] --END-- [ RunTime:0.000197s ]

[ 2017-12-29T21:46:27+08:00 ] 182.254.86.153 /my/thinkphp/index.php/Home/weixin/checkSignature?signature=02130543de67459a53639eccb777444d1720c2e1&timestamp=1514555187&nonce=989787307&openid=ofeBBwCThO9VZBF8QWuBd1-m0jCk
INFO: [ app_init ] --START--
INFO: Run Behavior\BuildLiteBehavior [ RunTime:0.000012s ]
INFO: [ app_init ] --END-- [ RunTime:0.000120s ]
INFO: [ app_begin ] --START--
INFO: Run Behavior\ReadHtmlCacheBehavior [ RunTime:0.000057s ]
INFO: [ app_begin ] --END-- [ RunTime:0.000090s ]
NOTIC: [8] Undefined index: echostr /data/httpd/my/thinkphp/Application/Home/Controller/WeixinController.class.php 第 31 行.
NOTIC: [8] iconv(): Detected an illegal character in input string /data/httpd/my/thinkphp/Application/Home/Controller/WeixinController.class.php 第 76 行.
INFO: [ app_end ] --START--
INFO: Run Behavior\ShowPageTraceBehavior [ RunTime:0.000149s ]
INFO: [ app_end ] --END-- [ RunTime:0.000180s ]

[ 2017-12-29T21:52:16+08:00 ] 182.254.86.149 /my/thinkphp/index.php/Home/weixin/checkSignature?signature=1090c3221eabeffbbfe85c335befa72d465d0621&timestamp=1514555536&nonce=2074121170&openid=ofeBBwCThO9VZBF8QWuBd1-m0jCk
INFO: [ app_init ] --START--
INFO: Run Behavior\BuildLiteBehavior [ RunTime:0.000011s ]
INFO: [ app_init ] --END-- [ RunTime:0.000124s ]
INFO: [ app_begin ] --START--
INFO: Run Behavior\ReadHtmlCacheBehavior [ RunTime:0.000073s ]
INFO: [ app_begin ] --END-- [ RunTime:0.000107s ]
NOTIC: [8] Undefined index: echostr /data/httpd/my/thinkphp/Application/Home/Controller/WeixinController.class.php 第 31 行.
INFO: [ app_end ] --START--
INFO: Run Behavior\ShowPageTraceBehavior [ RunTime:0.000066s ]
INFO: [ app_end ] --END-- [ RunTime:0.000098s ]

[ 2017-12-29T21:55:16+08:00 ] 182.254.86.144 /my/thinkphp/index.php/Home/weixin/checkSignature?signature=7a47e8e8471b9b878adce887a8feaf362a40d1e2&timestamp=1514555716&nonce=215789994&openid=ofeBBwCThO9VZBF8QWuBd1-m0jCk
INFO: [ app_init ] --START--
INFO: Run Behavior\BuildLiteBehavior [ RunTime:0.000012s ]
INFO: [ app_init ] --END-- [ RunTime:0.000125s ]
INFO: [ app_begin ] --START--
INFO: Run Behavior\ReadHtmlCacheBehavior [ RunTime:0.000076s ]
INFO: [ app_begin ] --END-- [ RunTime:0.000123s ]
NOTIC: [8] Undefined index: echostr /data/httpd/my/thinkphp/Application/Home/Controller/WeixinController.class.php 第 31 行.

[ 2017-12-29T21:56:37+08:00 ] 182.254.86.145 /my/thinkphp/index.php/Home/weixin/checkSignature?signature=dde735195cf4b86220fecd8c3065707eede65a34&timestamp=1514555797&nonce=1790342220&openid=ofeBBwCThO9VZBF8QWuBd1-m0jCk
INFO: [ app_init ] --START--
INFO: Run Behavior\BuildLiteBehavior [ RunTime:0.000011s ]
INFO: [ app_init ] --END-- [ RunTime:0.000125s ]
INFO: [ app_begin ] --START--
INFO: Run Behavior\ReadHtmlCacheBehavior [ RunTime:0.000059s ]
INFO: [ app_begin ] --END-- [ RunTime:0.000095s ]
NOTIC: [8] Undefined index: echostr /data/httpd/my/thinkphp/Application/Home/Controller/WeixinController.class.php 第 31 行.
INFO: [ app_end ] --START--
INFO: Run Behavior\ShowPageTraceBehavior [ RunTime:0.000066s ]
INFO: [ app_end ] --END-- [ RunTime:0.000098s ]

[ 2017-12-29T21:58:32+08:00 ] 182.254.86.150 /my/thinkphp/index.php/Home/weixin/checkSignature?signature=588a31beaab41504817120a69aa2b8ffa4cc2041&timestamp=1514555912&nonce=577153592&openid=ofeBBwCThO9VZBF8QWuBd1-m0jCk
INFO: [ app_init ] --START--
INFO: Run Behavior\BuildLiteBehavior [ RunTime:0.000013s ]
INFO: [ app_init ] --END-- [ RunTime:0.000133s ]
INFO: [ app_begin ] --START--
INFO: Run Behavior\ReadHtmlCacheBehavior [ RunTime:0.000060s ]
INFO: [ app_begin ] --END-- [ RunTime:0.000094s ]
NOTIC: [8] Undefined index: echostr /data/httpd/my/thinkphp/Application/Home/Controller/WeixinController.class.php 第 31 行.
INFO: [ app_end ] --START--
INFO: Run Behavior\ShowPageTraceBehavior [ RunTime:0.000068s ]
INFO: [ app_end ] --END-- [ RunTime:0.000100s ]

[ 2017-12-29T22:01:35+08:00 ] 182.254.86.144 /my/thinkphp/index.php/Home/weixin/checkSignature?signature=377fba877121064c8a62e7a992babc54e69a1b01&timestamp=1514556095&nonce=1049257146&openid=ofeBBwCThO9VZBF8QWuBd1-m0jCk
INFO: [ app_init ] --START--
INFO: Run Behavior\BuildLiteBehavior [ RunTime:0.000012s ]
INFO: [ app_init ] --END-- [ RunTime:0.000127s ]
INFO: [ app_begin ] --START--
INFO: Run Behavior\ReadHtmlCacheBehavior [ RunTime:0.000068s ]
INFO: [ app_begin ] --END-- [ RunTime:0.000118s ]
NOTIC: [8] Undefined index: echostr /data/httpd/my/thinkphp/Application/Home/Controller/WeixinController.class.php 第 31 行.
INFO: [ app_end ] --START--
INFO: Run Behavior\ShowPageTraceBehavior [ RunTime:0.000067s ]
INFO: [ app_end ] --END-- [ RunTime:0.000187s ]

[ 2017-12-29T22:01:39+08:00 ] 182.254.86.140 /my/thinkphp/index.php/Home/weixin/checkSignature?signature=5c11388671cc798c04dc668f670bfe5af96773cb&timestamp=1514556099&nonce=634689058&openid=ofeBBwCThO9VZBF8QWuBd1-m0jCk
INFO: [ app_init ] --START--
INFO: Run Behavior\BuildLiteBehavior [ RunTime:0.000012s ]
INFO: [ app_init ] --END-- [ RunTime:0.000126s ]
INFO: [ app_begin ] --START--
INFO: Run Behavior\ReadHtmlCacheBehavior [ RunTime:0.000061s ]
INFO: [ app_begin ] --END-- [ RunTime:0.000103s ]
NOTIC: [8] Undefined index: echostr /data/httpd/my/thinkphp/Application/Home/Controller/WeixinController.class.php 第 31 行.
INFO: [ app_end ] --START--
INFO: Run Behavior\ShowPageTraceBehavior [ RunTime:0.000063s ]
INFO: [ app_end ] --END-- [ RunTime:0.000094s ]

[ 2017-12-29T22:02:59+08:00 ] 182.254.86.150 /my/thinkphp/index.php/Home/weixin/checkSignature?signature=b73ee15faa7798198fe20310ac78f15b824dc494&timestamp=1514556179&nonce=1152035457&openid=ofeBBwCThO9VZBF8QWuBd1-m0jCk
INFO: [ app_init ] --START--
INFO: Run Behavior\BuildLiteBehavior [ RunTime:0.000011s ]
INFO: [ app_init ] --END-- [ RunTime:0.000121s ]
INFO: [ app_begin ] --START--
INFO: Run Behavior\ReadHtmlCacheBehavior [ RunTime:0.000066s ]
INFO: [ app_begin ] --END-- [ RunTime:0.000110s ]
NOTIC: [8] Undefined index: echostr /data/httpd/my/thinkphp/Application/Home/Controller/WeixinController.class.php 第 31 行.

[ 2017-12-29T22:05:24+08:00 ] 182.254.86.155 /my/thinkphp/index.php/Home/weixin/checkSignature?signature=ebf3f17d6f6fc0b459e025a1563d2dfce20d25d1&timestamp=1514556324&nonce=502365118&openid=ofeBBwCThO9VZBF8QWuBd1-m0jCk
INFO: [ app_init ] --START--
INFO: Run Behavior\BuildLiteBehavior [ RunTime:0.000013s ]
INFO: [ app_init ] --END-- [ RunTime:0.000130s ]
INFO: [ app_begin ] --START--
INFO: Run Behavior\ReadHtmlCacheBehavior [ RunTime:0.000058s ]
INFO: [ app_begin ] --END-- [ RunTime:0.000093s ]
NOTIC: [8] Undefined index: echostr /data/httpd/my/thinkphp/Application/Home/Controller/WeixinController.class.php 第 31 行.

[ 2017-12-29T22:07:15+08:00 ] 182.254.86.140 /my/thinkphp/index.php/Home/weixin/checkSignature?signature=5d04e45c8060fe6de71fb0b642d09e282ea5da53&timestamp=1514556435&nonce=666732120&openid=ofeBBwCThO9VZBF8QWuBd1-m0jCk
INFO: [ app_init ] --START--
INFO: Run Behavior\BuildLiteBehavior [ RunTime:0.000015s ]
INFO: [ app_init ] --END-- [ RunTime:0.000147s ]
INFO: [ app_begin ] --START--
INFO: Run Behavior\ReadHtmlCacheBehavior [ RunTime:0.000079s ]
INFO: [ app_begin ] --END-- [ RunTime:0.000127s ]
NOTIC: [8] Undefined index: echostr /data/httpd/my/thinkphp/Application/Home/Controller/WeixinController.class.php 第 31 行.

[ 2017-12-29T22:11:30+08:00 ] 182.254.86.156 /my/thinkphp/index.php/Home/weixin/checkSignature?signature=b926700d30824a35770cdaf095ec7e0b52491c74&timestamp=1514556690&nonce=1328432189&openid=ofeBBwCThO9VZBF8QWuBd1-m0jCk
INFO: [ app_init ] --START--
INFO: Run Behavior\BuildLiteBehavior [ RunTime:0.000014s ]
INFO: [ app_init ] --END-- [ RunTime:0.000155s ]
INFO: [ app_begin ] --START--
INFO: Run Behavior\ReadHtmlCacheBehavior [ RunTime:0.000088s ]
INFO: [ app_begin ] --END-- [ RunTime:0.000135s ]
NOTIC: [8] Undefined index: echostr /data/httpd/my/thinkphp/Application/Home/Controller/WeixinController.class.php 第 31 行.

[ 2017-12-29T22:12:09+08:00 ] 182.254.86.145 /my/thinkphp/index.php/Home/weixin/checkSignature?signature=77fe13a8e0b206a078a6ebeca6ebb8d60689414f&timestamp=1514556729&nonce=819360819&openid=ofeBBwCThO9VZBF8QWuBd1-m0jCk
INFO: [ app_init ] --START--
INFO: Run Behavior\BuildLiteBehavior [ RunTime:0.000015s ]
INFO: [ app_init ] --END-- [ RunTime:0.000160s ]
INFO: [ app_begin ] --START--
INFO: Run Behavior\ReadHtmlCacheBehavior [ RunTime:0.000069s ]
INFO: [ app_begin ] --END-- [ RunTime:0.000125s ]
NOTIC: [8] Undefined index: echostr /data/httpd/my/thinkphp/Application/Home/Controller/WeixinController.class.php 第 31 行.

[ 2017-12-29T22:24:38+08:00 ] 182.254.86.149 /my/thinkphp/index.php/Home/weixin/checkSignature?signature=c5418129083bec1ef2f33fd2b3c94c32ce0d54ba&timestamp=1514557478&nonce=134276497&openid=ofeBBwCThO9VZBF8QWuBd1-m0jCk
INFO: [ app_init ] --START--
INFO: Run Behavior\BuildLiteBehavior [ RunTime:0.000027s ]
INFO: [ app_init ] --END-- [ RunTime:0.000147s ]
INFO: [ app_begin ] --START--
INFO: Run Behavior\ReadHtmlCacheBehavior [ RunTime:0.000060s ]
INFO: [ app_begin ] --END-- [ RunTime:0.000095s ]
NOTIC: [8] Undefined index: echostr /data/httpd/my/thinkphp/Application/Home/Controller/WeixinController.class.php 第 31 行.
INFO: [ app_end ] --START--
INFO: Run Behavior\ShowPageTraceBehavior [ RunTime:0.000308s ]
INFO: [ app_end ] --END-- [ RunTime:0.000343s ]

[ 2017-12-29T22:24:57+08:00 ] 182.254.86.155 /my/thinkphp/index.php/Home/weixin/checkSignature?signature=e88c492b765cebc54269be5447bc3507ed62d919&timestamp=1514557497&nonce=1917459916&openid=ofeBBwCThO9VZBF8QWuBd1-m0jCk
INFO: [ app_init ] --START--
INFO: Run Behavior\BuildLiteBehavior [ RunTime:0.000013s ]
INFO: [ app_init ] --END-- [ RunTime:0.000126s ]
INFO: [ app_begin ] --START--
INFO: Run Behavior\ReadHtmlCacheBehavior [ RunTime:0.000060s ]
INFO: [ app_begin ] --END-- [ RunTime:0.000109s ]
NOTIC: [8] Undefined index: echostr /data/httpd/my/thinkphp/Application/Home/Controller/WeixinController.class.php 第 31 行.
INFO: [ app_end ] --START--
INFO: Run Behavior\ShowPageTraceBehavior [ RunTime:0.000069s ]
INFO: [ app_end ] --END-- [ RunTime:0.000103s ]

[ 2017-12-29T22:28:02+08:00 ] 182.254.86.150 /my/thinkphp/index.php/Home/weixin/checkSignature?signature=94e04e4cfd5c3c3f56548f545391c06ede8b7ff3&timestamp=1514557682&nonce=923840309&openid=ofeBBwCThO9VZBF8QWuBd1-m0jCk
INFO: [ app_init ] --START--
INFO: Run Behavior\BuildLiteBehavior [ RunTime:0.000013s ]
INFO: [ app_init ] --END-- [ RunTime:0.000368s ]
INFO: [ app_begin ] --START--
INFO: Run Behavior\ReadHtmlCacheBehavior [ RunTime:0.000295s ]
INFO: [ app_begin ] --END-- [ RunTime:0.000336s ]
NOTIC: [8] Undefined index: echostr /data/httpd/my/thinkphp/Application/Home/Controller/WeixinController.class.php 第 31 行.
INFO: [ app_end ] --START--
INFO: Run Behavior\ShowPageTraceBehavior [ RunTime:0.000313s ]
INFO: [ app_end ] --END-- [ RunTime:0.000346s ]

[ 2017-12-29T22:28:56+08:00 ] 182.254.86.149 /my/thinkphp/index.php/Home/weixin/checkSignature?signature=fa87932a845ab0698380ea643f17d50a4c77e495&timestamp=1514557736&nonce=1726253858&openid=ofeBBwCThO9VZBF8QWuBd1-m0jCk
INFO: [ app_init ] --START--
INFO: Run Behavior\BuildLiteBehavior [ RunTime:0.000011s ]
INFO: [ app_init ] --END-- [ RunTime:0.000131s ]
INFO: [ app_begin ] --START--
INFO: Run Behavior\ReadHtmlCacheBehavior [ RunTime:0.000071s ]
INFO: [ app_begin ] --END-- [ RunTime:0.000105s ]
NOTIC: [8] Undefined index: echostr /data/httpd/my/thinkphp/Application/Home/Controller/WeixinController.class.php 第 31 行.
INFO: [ app_end ] --START--
INFO: Run Behavior\ShowPageTraceBehavior [ RunTime:0.000108s ]
INFO: [ app_end ] --END-- [ RunTime:0.000163s ]

[ 2017-12-29T22:29:15+08:00 ] 182.254.86.149 /my/thinkphp/index.php/Home/weixin/checkSignature?signature=ae05f821c6f6c883ba7c1257401789164bb65f59&timestamp=1514557755&nonce=429817822&openid=ofeBBwCThO9VZBF8QWuBd1-m0jCk
INFO: [ app_init ] --START--
INFO: Run Behavior\BuildLiteBehavior [ RunTime:0.000012s ]
INFO: [ app_init ] --END-- [ RunTime:0.000120s ]
INFO: [ app_begin ] --START--
INFO: Run Behavior\ReadHtmlCacheBehavior [ RunTime:0.000067s ]
INFO: [ app_begin ] --END-- [ RunTime:0.000101s ]
NOTIC: [8] Undefined index: echostr /data/httpd/my/thinkphp/Application/Home/Controller/WeixinController.class.php 第 31 行.
INFO: [ app_end ] --START--
INFO: Run Behavior\ShowPageTraceBehavior [ RunTime:0.000078s ]
INFO: [ app_end ] --END-- [ RunTime:0.000111s ]

[ 2017-12-29T22:34:00+08:00 ] 182.254.86.144 /my/thinkphp/index.php/Home/weixin/checkSignature?signature=bebadcdee6be0e29c95320769771c9327275fbaf&timestamp=1514558040&nonce=587919818&openid=ofeBBwCThO9VZBF8QWuBd1-m0jCk
INFO: [ app_init ] --START--
INFO: Run Behavior\BuildLiteBehavior [ RunTime:0.000015s ]
INFO: [ app_init ] --END-- [ RunTime:0.000181s ]
INFO: [ app_begin ] --START--
INFO: Run Behavior\ReadHtmlCacheBehavior [ RunTime:0.000061s ]
INFO: [ app_begin ] --END-- [ RunTime:0.000094s ]
NOTIC: [8] Undefined index: echostr /data/httpd/my/thinkphp/Application/Home/Controller/WeixinController.class.php 第 31 行.
NOTIC: [8] Undefined variable: tmplate /data/httpd/my/thinkphp/Application/Home/Controller/WeixinController.class.php 第 220 行.
INFO: [ app_end ] --START--
INFO: Run Behavior\ShowPageTraceBehavior [ RunTime:0.000065s ]
INFO: [ app_end ] --END-- [ RunTime:0.000095s ]

[ 2017-12-29T22:38:21+08:00 ] 182.254.86.144 /my/thinkphp/index.php/Home/weixin/checkSignature?signature=cd4bed3eeb8652b133cae30f21299194a771ae33&timestamp=1514558301&nonce=1497324227&openid=ofeBBwCThO9VZBF8QWuBd1-m0jCk
INFO: [ app_init ] --START--
INFO: Run Behavior\BuildLiteBehavior [ RunTime:0.000012s ]
INFO: [ app_init ] --END-- [ RunTime:0.000356s ]
INFO: [ app_begin ] --START--
INFO: Run Behavior\ReadHtmlCacheBehavior [ RunTime:0.000267s ]
INFO: [ app_begin ] --END-- [ RunTime:0.000304s ]
NOTIC: [8] Undefined index: echostr /data/httpd/my/thinkphp/Application/Home/Controller/WeixinController.class.php 第 31 行.
INFO: [ app_end ] --START--
INFO: Run Behavior\ShowPageTraceBehavior [ RunTime:0.000424s ]
INFO: [ app_end ] --END-- [ RunTime:0.000459s ]

[ 2017-12-29T22:41:02+08:00 ] 182.254.86.140 /my/thinkphp/index.php/Home/weixin/checkSignature?signature=26dee449621a19cd8c59b326b21200dfdb9a6689&timestamp=1514558462&nonce=441828929&openid=ofeBBwCThO9VZBF8QWuBd1-m0jCk
INFO: [ app_init ] --START--
INFO: Run Behavior\BuildLiteBehavior [ RunTime:0.000012s ]
INFO: [ app_init ] --END-- [ RunTime:0.000124s ]
INFO: [ app_begin ] --START--
INFO: Run Behavior\ReadHtmlCacheBehavior [ RunTime:0.000063s ]
INFO: [ app_begin ] --END-- [ RunTime:0.000098s ]
NOTIC: [8] Undefined index: echostr /data/httpd/my/thinkphp/Application/Home/Controller/WeixinController.class.php 第 31 行.

[ 2017-12-29T22:42:14+08:00 ] 182.254.86.155 /my/thinkphp/index.php/Home/weixin/checkSignature?signature=b9010ec51a60e7b1df05f282740fd953a44904bd&timestamp=1514558534&nonce=445056623&openid=ofeBBwCThO9VZBF8QWuBd1-m0jCk
INFO: [ app_init ] --START--
INFO: Run Behavior\BuildLiteBehavior [ RunTime:0.000017s ]
INFO: [ app_init ] --END-- [ RunTime:0.000376s ]
INFO: [ app_begin ] --START--
INFO: Run Behavior\ReadHtmlCacheBehavior [ RunTime:0.000293s ]
INFO: [ app_begin ] --END-- [ RunTime:0.000372s ]
NOTIC: [8] Undefined index: echostr /data/httpd/my/thinkphp/Application/Home/Controller/WeixinController.class.php 第 31 行.

[ 2017-12-29T22:42:52+08:00 ] 182.254.86.140 /my/thinkphp/index.php/Home/weixin/checkSignature?signature=78d817c7a2f10764a6665017965c028a176c8983&timestamp=1514558572&nonce=676366182&openid=ofeBBwCThO9VZBF8QWuBd1-m0jCk
INFO: [ app_init ] --START--
INFO: Run Behavior\BuildLiteBehavior [ RunTime:0.000012s ]
INFO: [ app_init ] --END-- [ RunTime:0.000120s ]
INFO: [ app_begin ] --START--
INFO: Run Behavior\ReadHtmlCacheBehavior [ RunTime:0.000066s ]
INFO: [ app_begin ] --END-- [ RunTime:0.000102s ]
NOTIC: [8] Undefined index: echostr /data/httpd/my/thinkphp/Application/Home/Controller/WeixinController.class.php 第 31 行.

[ 2017-12-29T22:43:53+08:00 ] 182.254.86.154 /my/thinkphp/index.php/Home/weixin/checkSignature?signature=06f4bbdaef7134fcc0f24193eb8f6029e24aed97&timestamp=1514558633&nonce=1323817701&openid=ofeBBwCThO9VZBF8QWuBd1-m0jCk
INFO: [ app_init ] --START--
INFO: Run Behavior\BuildLiteBehavior [ RunTime:0.000017s ]
INFO: [ app_init ] --END-- [ RunTime:0.000200s ]
INFO: [ app_begin ] --START--
INFO: Run Behavior\ReadHtmlCacheBehavior [ RunTime:0.000114s ]
INFO: [ app_begin ] --END-- [ RunTime:0.000167s ]
NOTIC: [8] Undefined index: echostr /data/httpd/my/thinkphp/Application/Home/Controller/WeixinController.class.php 第 31 行.
INFO: [ app_end ] --START--
INFO: Run Behavior\ShowPageTraceBehavior [ RunTime:0.000493s ]
INFO: [ app_end ] --END-- [ RunTime:0.000561s ]

[ 2017-12-29T22:44:17+08:00 ] 182.254.86.139 /my/thinkphp/index.php/Home/weixin/checkSignature?signature=ea4b46ff670323dcb9573ebc53c5b3ce4e0821ef&timestamp=1514558657&nonce=1594041106&openid=ofeBBwCThO9VZBF8QWuBd1-m0jCk
INFO: [ app_init ] --START--
INFO: Run Behavior\BuildLiteBehavior [ RunTime:0.000012s ]
INFO: [ app_init ] --END-- [ RunTime:0.000120s ]
INFO: [ app_begin ] --START--
INFO: Run Behavior\ReadHtmlCacheBehavior [ RunTime:0.000059s ]
INFO: [ app_begin ] --END-- [ RunTime:0.000094s ]
NOTIC: [8] Undefined index: echostr /data/httpd/my/thinkphp/Application/Home/Controller/WeixinController.class.php 第 31 行.
INFO: [ app_end ] --START--
INFO: Run Behavior\ShowPageTraceBehavior [ RunTime:0.000064s ]
INFO: [ app_end ] --END-- [ RunTime:0.000093s ]

[ 2017-12-29T22:44:37+08:00 ] 182.254.86.154 /my/thinkphp/index.php/Home/weixin/checkSignature?signature=3ee8e33d5d13c5637710edd312ed5796385e5755&timestamp=1514558677&nonce=1733900179&openid=ofeBBwCThO9VZBF8QWuBd1-m0jCk
INFO: [ app_init ] --START--
INFO: Run Behavior\BuildLiteBehavior [ RunTime:0.000016s ]
INFO: [ app_init ] --END-- [ RunTime:0.000175s ]
INFO: [ app_begin ] --START--
INFO: Run Behavior\ReadHtmlCacheBehavior [ RunTime:0.000082s ]
INFO: [ app_begin ] --END-- [ RunTime:0.000132s ]
NOTIC: [8] Undefined index: echostr /data/httpd/my/thinkphp/Application/Home/Controller/WeixinController.class.php 第 31 行.
INFO: [ app_end ] --START--
INFO: Run Behavior\ShowPageTraceBehavior [ RunTime:0.000086s ]
INFO: [ app_end ] --END-- [ RunTime:0.000134s ]

[ 2017-12-29T22:44:50+08:00 ] 182.254.86.149 /my/thinkphp/index.php/Home/weixin/checkSignature?signature=428bc91216025de10a30cc453436b8fcb4958f65&timestamp=1514558690&nonce=387739788&openid=ofeBBwCThO9VZBF8QWuBd1-m0jCk
INFO: [ app_init ] --START--
INFO: Run Behavior\BuildLiteBehavior [ RunTime:0.000011s ]
INFO: [ app_init ] --END-- [ RunTime:0.000127s ]
INFO: [ app_begin ] --START--
INFO: Run Behavior\ReadHtmlCacheBehavior [ RunTime:0.000070s ]
INFO: [ app_begin ] --END-- [ RunTime:0.000105s ]
NOTIC: [8] Undefined index: echostr /data/httpd/my/thinkphp/Application/Home/Controller/WeixinController.class.php 第 31 行.
INFO: [ app_end ] --START--
INFO: Run Behavior\ShowPageTraceBehavior [ RunTime:0.000067s ]
INFO: [ app_end ] --END-- [ RunTime:0.000098s ]

[ 2017-12-29T22:45:32+08:00 ] 182.254.86.145 /my/thinkphp/index.php/Home/weixin/checkSignature?signature=84c8121ecbc00fb1f8e5ef213414e4f7c0988031&timestamp=1514558732&nonce=689142300&openid=ofeBBwCThO9VZBF8QWuBd1-m0jCk
INFO: [ app_init ] --START--
INFO: Run Behavior\BuildLiteBehavior [ RunTime:0.000020s ]
INFO: [ app_init ] --END-- [ RunTime:0.000478s ]
INFO: [ app_begin ] --START--
INFO: Run Behavior\ReadHtmlCacheBehavior [ RunTime:0.000290s ]
INFO: [ app_begin ] --END-- [ RunTime:0.000331s ]
NOTIC: [8] Undefined index: echostr /data/httpd/my/thinkphp/Application/Home/Controller/WeixinController.class.php 第 31 行.
INFO: [ app_end ] --START--
INFO: Run Behavior\ShowPageTraceBehavior [ RunTime:0.000317s ]
INFO: [ app_end ] --END-- [ RunTime:0.000352s ]

[ 2017-12-29T22:46:32+08:00 ] 120.204.17.46 /my/thinkphp/index.php/Home/weixin/checkSignature
INFO: [ app_init ] --START--
INFO: Run Behavior\BuildLiteBehavior [ RunTime:0.000011s ]
INFO: [ app_init ] --END-- [ RunTime:0.000125s ]
INFO: [ app_begin ] --START--
INFO: Run Behavior\ReadHtmlCacheBehavior [ RunTime:0.000065s ]
INFO: [ app_begin ] --END-- [ RunTime:0.000097s ]
NOTIC: [8] Undefined index: signature /data/httpd/my/thinkphp/Application/Home/Controller/WeixinController.class.php 第 27 行.
NOTIC: [8] Undefined index: nonce /data/httpd/my/thinkphp/Application/Home/Controller/WeixinController.class.php 第 28 行.
NOTIC: [8] Undefined index: timestamp /data/httpd/my/thinkphp/Application/Home/Controller/WeixinController.class.php 第 30 行.
NOTIC: [8] Undefined index: echostr /data/httpd/my/thinkphp/Application/Home/Controller/WeixinController.class.php 第 31 行.
NOTIC: [8] Undefined index: HTTP_RAW_POST_DATA /data/httpd/my/thinkphp/Application/Home/Controller/WeixinController.class.php 第 43 行.
NOTIC: [8] Trying to get property of non-object /data/httpd/my/thinkphp/Application/Home/Controller/WeixinController.class.php 第 46 行.
INFO: [ app_end ] --START--
INFO: Run Behavior\ShowPageTraceBehavior [ RunTime:0.000098s ]
INFO: [ app_end ] --END-- [ RunTime:0.000133s ]

[ 2017-12-29T22:50:43+08:00 ] 182.254.86.150 /my/thinkphp/index.php/Home/weixin/checkSignature?signature=b333da48057a77b3e126279fd12287aeb39e0b62&timestamp=1514559043&nonce=2012003862&openid=ofeBBwCThO9VZBF8QWuBd1-m0jCk
INFO: [ app_init ] --START--
INFO: Run Behavior\BuildLiteBehavior [ RunTime:0.000020s ]
INFO: [ app_init ] --END-- [ RunTime:0.000417s ]
INFO: [ app_begin ] --START--
INFO: Run Behavior\ReadHtmlCacheBehavior [ RunTime:0.000288s ]
INFO: [ app_begin ] --END-- [ RunTime:0.000333s ]
NOTIC: [8] Undefined index: echostr /data/httpd/my/thinkphp/Application/Home/Controller/WeixinController.class.php 第 31 行.
INFO: [ app_end ] --START--
INFO: Run Behavior\ShowPageTraceBehavior [ RunTime:0.000406s ]
INFO: [ app_end ] --END-- [ RunTime:0.000446s ]

[ 2017-12-29T22:51:20+08:00 ] 182.254.86.139 /my/thinkphp/index.php/Home/weixin/checkSignature?signature=5d77c7c4de52a61d15ab800a8c18dd9709ffbcf7&timestamp=1514559080&nonce=335021116&openid=ofeBBwCThO9VZBF8QWuBd1-m0jCk
INFO: [ app_init ] --START--
INFO: Run Behavior\BuildLiteBehavior [ RunTime:0.000015s ]
INFO: [ app_init ] --END-- [ RunTime:0.000242s ]
INFO: [ app_begin ] --START--
INFO: Run Behavior\ReadHtmlCacheBehavior [ RunTime:0.000077s ]
INFO: [ app_begin ] --END-- [ RunTime:0.000119s ]
NOTIC: [8] Undefined index: echostr /data/httpd/my/thinkphp/Application/Home/Controller/WeixinController.class.php 第 31 行.

[ 2017-12-29T22:53:57+08:00 ] 182.254.86.144 /my/thinkphp/index.php/Home/weixin/checkSignature?signature=c7874b139721115ee710298feaaecff387a34668&timestamp=1514559237&nonce=84599381&openid=ofeBBwCThO9VZBF8QWuBd1-m0jCk
INFO: [ app_init ] --START--
INFO: Run Behavior\BuildLiteBehavior [ RunTime:0.000012s ]
INFO: [ app_init ] --END-- [ RunTime:0.000122s ]
INFO: [ app_begin ] --START--
INFO: Run Behavior\ReadHtmlCacheBehavior [ RunTime:0.000061s ]
INFO: [ app_begin ] --END-- [ RunTime:0.000095s ]
NOTIC: [8] Undefined index: echostr /data/httpd/my/thinkphp/Application/Home/Controller/WeixinController.class.php 第 31 行.
INFO: [ app_end ] --START--
INFO: Run Behavior\ShowPageTraceBehavior [ RunTime:0.000063s ]
INFO: [ app_end ] --END-- [ RunTime:0.000094s ]

[ 2017-12-29T22:54:23+08:00 ] 182.254.86.145 /my/thinkphp/index.php/Home/weixin/checkSignature?signature=ccd779929742ecdc75323faab8699b254553129e&timestamp=1514559263&nonce=1174332699&openid=ofeBBwCThO9VZBF8QWuBd1-m0jCk
INFO: [ app_init ] --START--
INFO: Run Behavior\BuildLiteBehavior [ RunTime:0.000013s ]
INFO: [ app_init ] --END-- [ RunTime:0.000359s ]
INFO: [ app_begin ] --START--
INFO: Run Behavior\ReadHtmlCacheBehavior [ RunTime:0.000307s ]
INFO: [ app_begin ] --END-- [ RunTime:0.000339s ]
NOTIC: [8] Undefined index: echostr /data/httpd/my/thinkphp/Application/Home/Controller/WeixinController.class.php 第 31 行.

[ 2017-12-29T22:56:53+08:00 ] 182.254.86.149 /my/thinkphp/index.php/Home/weixin/checkSignature?signature=eb0482b247966c43f162820fc1fb57e2d578b193&timestamp=1514559413&nonce=223881289&openid=ofeBBwCThO9VZBF8QWuBd1-m0jCk
INFO: [ app_init ] --START--
INFO: Run Behavior\BuildLiteBehavior [ RunTime:0.000012s ]
INFO: [ app_init ] --END-- [ RunTime:0.000126s ]
INFO: [ app_begin ] --START--
INFO: Run Behavior\ReadHtmlCacheBehavior [ RunTime:0.000057s ]
INFO: [ app_begin ] --END-- [ RunTime:0.000090s ]
NOTIC: [8] Undefined index: echostr /data/httpd/my/thinkphp/Application/Home/Controller/WeixinController.class.php 第 31 行.
INFO: [ app_end ] --START--
INFO: Run Behavior\ShowPageTraceBehavior [ RunTime:0.000326s ]
INFO: [ app_end ] --END-- [ RunTime:0.000363s ]

[ 2017-12-29T22:56:57+08:00 ] 182.254.86.145 /my/thinkphp/index.php/Home/weixin/checkSignature?signature=ff9b8a024009cd53b9e7d45637260d68e65abfdc&timestamp=1514559417&nonce=963137774&openid=ofeBBwCThO9VZBF8QWuBd1-m0jCk
INFO: [ app_init ] --START--
INFO: Run Behavior\BuildLiteBehavior [ RunTime:0.000011s ]
INFO: [ app_init ] --END-- [ RunTime:0.000111s ]
INFO: [ app_begin ] --START--
INFO: Run Behavior\ReadHtmlCacheBehavior [ RunTime:0.000053s ]
INFO: [ app_begin ] --END-- [ RunTime:0.000085s ]
NOTIC: [8] Undefined index: echostr /data/httpd/my/thinkphp/Application/Home/Controller/WeixinController.class.php 第 31 行.
INFO: [ app_end ] --START--
INFO: Run Behavior\ShowPageTraceBehavior [ RunTime:0.000143s ]
INFO: [ app_end ] --END-- [ RunTime:0.000178s ]

[ 2017-12-29T22:57:02+08:00 ] 182.254.86.154 /my/thinkphp/index.php/Home/weixin/checkSignature?signature=571f8b68c2370aa2ff617a1115d18966b81397ca&timestamp=1514559422&nonce=738735491&openid=ofeBBwCThO9VZBF8QWuBd1-m0jCk
INFO: [ app_init ] --START--
INFO: Run Behavior\BuildLiteBehavior [ RunTime:0.000014s ]
INFO: [ app_init ] --END-- [ RunTime:0.000126s ]
INFO: [ app_begin ] --START--
INFO: Run Behavior\ReadHtmlCacheBehavior [ RunTime:0.000071s ]
INFO: [ app_begin ] --END-- [ RunTime:0.000115s ]
NOTIC: [8] Undefined index: echostr /data/httpd/my/thinkphp/Application/Home/Controller/WeixinController.class.php 第 31 行.
INFO: [ app_end ] --START--
INFO: Run Behavior\ShowPageTraceBehavior [ RunTime:0.000067s ]
INFO: [ app_end ] --END-- [ RunTime:0.000097s ]

[ 2017-12-29T22:57:06+08:00 ] 182.254.86.139 /my/thinkphp/index.php/Home/weixin/checkSignature?signature=5fc30330ac0fa2bfda8f3f75239b8962e5652304&timestamp=1514559426&nonce=1418986216&openid=ofeBBwCThO9VZBF8QWuBd1-m0jCk
INFO: [ app_init ] --START--
INFO: Run Behavior\BuildLiteBehavior [ RunTime:0.000011s ]
INFO: [ app_init ] --END-- [ RunTime:0.000100s ]
INFO: [ app_begin ] --START--
INFO: Run Behavior\ReadHtmlCacheBehavior [ RunTime:0.000050s ]
INFO: [ app_begin ] --END-- [ RunTime:0.000080s ]
NOTIC: [8] Undefined index: echostr /data/httpd/my/thinkphp/Application/Home/Controller/WeixinController.class.php 第 31 行.
INFO: [ app_end ] --START--
INFO: Run Behavior\ShowPageTraceBehavior [ RunTime:0.000057s ]
INFO: [ app_end ] --END-- [ RunTime:0.000086s ]

[ 2017-12-29T22:57:10+08:00 ] 182.254.86.154 /my/thinkphp/index.php/Home/weixin/checkSignature?signature=66847eb80dc7ff145ceb6a63c6e4e2f93ec84906&timestamp=1514559430&nonce=1054832749&openid=ofeBBwCThO9VZBF8QWuBd1-m0jCk
INFO: [ app_init ] --START--
INFO: Run Behavior\BuildLiteBehavior [ RunTime:0.000011s ]
INFO: [ app_init ] --END-- [ RunTime:0.000103s ]
INFO: [ app_begin ] --START--
INFO: Run Behavior\ReadHtmlCacheBehavior [ RunTime:0.000054s ]
INFO: [ app_begin ] --END-- [ RunTime:0.000085s ]
NOTIC: [8] Undefined index: echostr /data/httpd/my/thinkphp/Application/Home/Controller/WeixinController.class.php 第 31 行.
INFO: [ app_end ] --START--
INFO: Run Behavior\ShowPageTraceBehavior [ RunTime:0.000061s ]
INFO: [ app_end ] --END-- [ RunTime:0.000096s ]

[ 2017-12-29T22:57:14+08:00 ] 182.254.86.145 /my/thinkphp/index.php/Home/weixin/checkSignature?signature=e0a631da2e2c799519637083559e5c6f29501550&timestamp=1514559434&nonce=1080746333&openid=ofeBBwCThO9VZBF8QWuBd1-m0jCk
INFO: [ app_init ] --START--
INFO: Run Behavior\BuildLiteBehavior [ RunTime:0.000011s ]
INFO: [ app_init ] --END-- [ RunTime:0.000101s ]
INFO: [ app_begin ] --START--
INFO: Run Behavior\ReadHtmlCacheBehavior [ RunTime:0.000051s ]
INFO: [ app_begin ] --END-- [ RunTime:0.000082s ]
NOTIC: [8] Undefined index: echostr /data/httpd/my/thinkphp/Application/Home/Controller/WeixinController.class.php 第 31 行.
INFO: [ app_end ] --START--
INFO: Run Behavior\ShowPageTraceBehavior [ RunTime:0.000067s ]
INFO: [ app_end ] --END-- [ RunTime:0.000098s ]

[ 2017-12-29T22:57:19+08:00 ] 182.254.86.144 /my/thinkphp/index.php/Home/weixin/checkSignature?signature=2e9cb9c029fe000fc6021a4c93bb59490be1cdad&timestamp=1514559439&nonce=1684903429&openid=ofeBBwCThO9VZBF8QWuBd1-m0jCk
INFO: [ app_init ] --START--
INFO: Run Behavior\BuildLiteBehavior [ RunTime:0.000011s ]
INFO: [ app_init ] --END-- [ RunTime:0.000102s ]
INFO: [ app_begin ] --START--
INFO: Run Behavior\ReadHtmlCacheBehavior [ RunTime:0.000053s ]
INFO: [ app_begin ] --END-- [ RunTime:0.000095s ]
NOTIC: [8] Undefined index: echostr /data/httpd/my/thinkphp/Application/Home/Controller/WeixinController.class.php 第 31 行.
INFO: [ app_end ] --START--
INFO: Run Behavior\ShowPageTraceBehavior [ RunTime:0.000171s ]
INFO: [ app_end ] --END-- [ RunTime:0.000232s ]

[ 2017-12-29T22:57:23+08:00 ] 182.254.86.140 /my/thinkphp/index.php/Home/weixin/checkSignature?signature=6aab7c8d7e31eb7f7b62718c570c0a9d9c280414&timestamp=1514559443&nonce=1639686981&openid=ofeBBwCThO9VZBF8QWuBd1-m0jCk
INFO: [ app_init ] --START--
INFO: Run Behavior\BuildLiteBehavior [ RunTime:0.000011s ]
INFO: [ app_init ] --END-- [ RunTime:0.000125s ]
INFO: [ app_begin ] --START--
INFO: Run Behavior\ReadHtmlCacheBehavior [ RunTime:0.000049s ]
INFO: [ app_begin ] --END-- [ RunTime:0.000080s ]
NOTIC: [8] Undefined index: echostr /data/httpd/my/thinkphp/Application/Home/Controller/WeixinController.class.php 第 31 行.
INFO: [ app_end ] --START--
INFO: Run Behavior\ShowPageTraceBehavior [ RunTime:0.000058s ]
INFO: [ app_end ] --END-- [ RunTime:0.000088s ]

[ 2017-12-29T22:57:29+08:00 ] 182.254.86.150 /my/thinkphp/index.php/Home/weixin/checkSignature?signature=3caa2d957f288ab58699e38ab4ea30f71c4f9f80&timestamp=1514559449&nonce=1412426023&openid=ofeBBwCThO9VZBF8QWuBd1-m0jCk
INFO: [ app_init ] --START--
INFO: Run Behavior\BuildLiteBehavior [ RunTime:0.000011s ]
INFO: [ app_init ] --END-- [ RunTime:0.000104s ]
INFO: [ app_begin ] --START--
INFO: Run Behavior\ReadHtmlCacheBehavior [ RunTime:0.000048s ]
INFO: [ app_begin ] --END-- [ RunTime:0.000092s ]
NOTIC: [8] Undefined index: echostr /data/httpd/my/thinkphp/Application/Home/Controller/WeixinController.class.php 第 31 行.
INFO: [ app_end ] --START--
INFO: Run Behavior\ShowPageTraceBehavior [ RunTime:0.000078s ]
INFO: [ app_end ] --END-- [ RunTime:0.000111s ]

[ 2017-12-29T23:33:23+08:00 ] 112.90.82.196 /my/thinkphp/
INFO: [ app_init ] --START--
INFO: Run Behavior\BuildLiteBehavior [ RunTime:0.000017s ]
INFO: [ app_init ] --END-- [ RunTime:0.000158s ]
INFO: [ app_begin ] --START--
INFO: Run Behavior\ReadHtmlCacheBehavior [ RunTime:0.000088s ]
INFO: [ app_begin ] --END-- [ RunTime:0.000138s ]
NOTIC: [8] Undefined index: signature /data/httpd/my/thinkphp/Application/Home/Controller/IndexController.class.php 第 14 行.
NOTIC: [8] Undefined index: nonce /data/httpd/my/thinkphp/Application/Home/Controller/IndexController.class.php 第 15 行.
NOTIC: [8] Undefined index: timestamp /data/httpd/my/thinkphp/Application/Home/Controller/IndexController.class.php 第 17 行.
NOTIC: [8] Undefined index: echostr /data/httpd/my/thinkphp/Application/Home/Controller/IndexController.class.php 第 18 行.
NOTIC: [8] Undefined index: HTTP_RAW_POST_DATA /data/httpd/my/thinkphp/Application/Home/Controller/IndexController.class.php 第 91 行.
NOTIC: [8] Trying to get property of non-object /data/httpd/my/thinkphp/Application/Home/Controller/IndexController.class.php 第 93 行.
NOTIC: [8] Trying to get property of non-object /data/httpd/my/thinkphp/Application/Home/Controller/IndexController.class.php 第 94 行.
NOTIC: [8] Trying to get property of non-object /data/httpd/my/thinkphp/Application/Home/Controller/IndexController.class.php 第 96 行.
NOTIC: [8] Trying to get property of non-object /data/httpd/my/thinkphp/Application/Home/Controller/IndexController.class.php 第 97 行.
INFO: [ app_end ] --START--
INFO: Run Behavior\ShowPageTraceBehavior [ RunTime:0.000080s ]
INFO: [ app_end ] --END-- [ RunTime:0.000112s ]

