[ 2017-12-28T11:23:34+08:00 ] 122.194.3.136 /my/thinkphp/index.php/Home/weixin/checkSignature
INFO: [ app_init ] --START--
INFO: Run Behavior\BuildLiteBehavior [ RunTime:0.000015s ]
INFO: [ app_init ] --END-- [ RunTime:0.000351s ]
INFO: [ app_begin ] --START--
INFO: Run Behavior\ReadHtmlCacheBehavior [ RunTime:0.000192s ]
INFO: [ app_begin ] --END-- [ RunTime:0.000227s ]
ERR: 无法加载控制器:Weixin

[ 2017-12-28T11:24:20+08:00 ] 122.194.3.136 /my/thinkphp/index.php/Home/weixin/checkSignature
INFO: [ app_init ] --START--
INFO: Run Behavior\BuildLiteBehavior [ RunTime:0.000013s ]
INFO: [ app_init ] --END-- [ RunTime:0.000125s ]
INFO: [ app_begin ] --START--
INFO: Run Behavior\ReadHtmlCacheBehavior [ RunTime:0.000072s ]
INFO: [ app_begin ] --END-- [ RunTime:0.000105s ]
ERR: 无法加载控制器:Weixin

[ 2017-12-28T11:24:21+08:00 ] 122.194.3.136 /my/thinkphp/index.php/Home/weixin/checkSignature
INFO: [ app_init ] --START--
INFO: Run Behavior\BuildLiteBehavior [ RunTime:0.000013s ]
INFO: [ app_init ] --END-- [ RunTime:0.000124s ]
INFO: [ app_begin ] --START--
INFO: Run Behavior\ReadHtmlCacheBehavior [ RunTime:0.000059s ]
INFO: [ app_begin ] --END-- [ RunTime:0.000086s ]
ERR: 无法加载控制器:Weixin

[ 2017-12-28T11:24:24+08:00 ] 122.194.3.136 /my/thinkphp/index.php/Home/weixin/checkSignature
INFO: [ app_init ] --START--
INFO: Run Behavior\BuildLiteBehavior [ RunTime:0.000012s ]
INFO: [ app_init ] --END-- [ RunTime:0.000125s ]
INFO: [ app_begin ] --START--
INFO: Run Behavior\ReadHtmlCacheBehavior [ RunTime:0.000067s ]
INFO: [ app_begin ] --END-- [ RunTime:0.000097s ]
ERR: 无法加载控制器:Weixin

[ 2017-12-28T11:25:30+08:00 ] 122.194.3.136 /my/thinkphp/index.php/Home/weixin/checkSignature
INFO: [ app_init ] --START--
INFO: Run Behavior\BuildLiteBehavior [ RunTime:0.000013s ]
INFO: [ app_init ] --END-- [ RunTime:0.000127s ]
INFO: [ app_begin ] --START--
INFO: Run Behavior\ReadHtmlCacheBehavior [ RunTime:0.000067s ]
INFO: [ app_begin ] --END-- [ RunTime:0.000129s ]
NOTIC: [8] Undefined index: signature /data/httpd/my/thinkphp/Application/Home/Controller/WeixinController.class.php 第 20 行.
NOTIC: [8] Undefined index: nonce /data/httpd/my/thinkphp/Application/Home/Controller/WeixinController.class.php 第 21 行.
NOTIC: [8] Undefined index: timestamp /data/httpd/my/thinkphp/Application/Home/Controller/WeixinController.class.php 第 23 行.
NOTIC: [8] Undefined index: echostr /data/httpd/my/thinkphp/Application/Home/Controller/WeixinController.class.php 第 24 行.
NOTIC: [8] Undefined index: HTTP_RAW_POST_DATA /data/httpd/my/thinkphp/Application/Home/Controller/WeixinController.class.php 第 36 行.
NOTIC: [8] Trying to get property of non-object /data/httpd/my/thinkphp/Application/Home/Controller/WeixinController.class.php 第 38 行.
INFO: [ app_end ] --START--
INFO: Run Behavior\ShowPageTraceBehavior [ RunTime:0.000321s ]
INFO: [ app_end ] --END-- [ RunTime:0.000349s ]

[ 2017-12-28T11:25:54+08:00 ] 182.254.86.140 /my/thinkphp/index.php/Home/weixin/checkSignature?signature=d1fb4f61968fe0b6c41b80fadff6be58978930f2&echostr=15421357471035684042&timestamp=1514431554&nonce=1113626953
INFO: [ app_init ] --START--
INFO: Run Behavior\BuildLiteBehavior [ RunTime:0.000011s ]
INFO: [ app_init ] --END-- [ RunTime:0.000126s ]
INFO: [ app_begin ] --START--
INFO: Run Behavior\ReadHtmlCacheBehavior [ RunTime:0.000063s ]
INFO: [ app_begin ] --END-- [ RunTime:0.000092s ]

[ 2017-12-28T11:26:54+08:00 ] 120.204.17.46 /my/thinkphp/index.php/Home/weixin/checkSignature
INFO: [ app_init ] --START--
INFO: Run Behavior\BuildLiteBehavior [ RunTime:0.000012s ]
INFO: [ app_init ] --END-- [ RunTime:0.000137s ]
INFO: [ app_begin ] --START--
INFO: Run Behavior\ReadHtmlCacheBehavior [ RunTime:0.000066s ]
INFO: [ app_begin ] --END-- [ RunTime:0.000102s ]
NOTIC: [8] Undefined index: signature /data/httpd/my/thinkphp/Application/Home/Controller/WeixinController.class.php 第 20 行.
NOTIC: [8] Undefined index: nonce /data/httpd/my/thinkphp/Application/Home/Controller/WeixinController.class.php 第 21 行.
NOTIC: [8] Undefined index: timestamp /data/httpd/my/thinkphp/Application/Home/Controller/WeixinController.class.php 第 23 行.
NOTIC: [8] Undefined index: echostr /data/httpd/my/thinkphp/Application/Home/Controller/WeixinController.class.php 第 24 行.
NOTIC: [8] Undefined index: HTTP_RAW_POST_DATA /data/httpd/my/thinkphp/Application/Home/Controller/WeixinController.class.php 第 36 行.
NOTIC: [8] Trying to get property of non-object /data/httpd/my/thinkphp/Application/Home/Controller/WeixinController.class.php 第 38 行.
INFO: [ app_end ] --START--
INFO: Run Behavior\ShowPageTraceBehavior [ RunTime:0.000064s ]
INFO: [ app_end ] --END-- [ RunTime:0.000088s ]

[ 2017-12-28T11:26:59+08:00 ] 182.254.86.140 /my/thinkphp/index.php/Home/weixin/checkSignature?signature=69e0a8b7e55215a3662abfecf35a71d08624904d&timestamp=1514431619&nonce=409319895&openid=obhQAxKqgTFVObbBwTr5nhOl-YcY
INFO: [ app_init ] --START--
INFO: Run Behavior\BuildLiteBehavior [ RunTime:0.000013s ]
INFO: [ app_init ] --END-- [ RunTime:0.000145s ]
INFO: [ app_begin ] --START--
INFO: Run Behavior\ReadHtmlCacheBehavior [ RunTime:0.000063s ]
INFO: [ app_begin ] --END-- [ RunTime:0.000098s ]
NOTIC: [8] Undefined index: echostr /data/httpd/my/thinkphp/Application/Home/Controller/WeixinController.class.php 第 24 行.

[ 2017-12-28T11:48:10+08:00 ] 182.254.86.150 /my/thinkphp/index.php/Home/weixin/checkSignature?signature=88a128baab282e56b0cfdc342f8b047b0b5dcc25&timestamp=1514432890&nonce=901403270&openid=obhQAxKqgTFVObbBwTr5nhOl-YcY
INFO: [ app_init ] --START--
INFO: Run Behavior\BuildLiteBehavior [ RunTime:0.000011s ]
INFO: [ app_init ] --END-- [ RunTime:0.000122s ]
INFO: [ app_begin ] --START--
INFO: Run Behavior\ReadHtmlCacheBehavior [ RunTime:0.000062s ]
INFO: [ app_begin ] --END-- [ RunTime:0.000095s ]
NOTIC: [8] Undefined index: echostr /data/httpd/my/thinkphp/Application/Home/Controller/WeixinController.class.php 第 24 行.

[ 2017-12-28T11:49:42+08:00 ] 182.254.86.150 /my/thinkphp/index.php/Home/weixin/checkSignature?signature=7d313458795a07d5655fd50d4e9b2412a654ab1f&timestamp=1514432982&nonce=1744842174&openid=obhQAxKqgTFVObbBwTr5nhOl-YcY
INFO: [ app_init ] --START--
INFO: Run Behavior\BuildLiteBehavior [ RunTime:0.000017s ]
INFO: [ app_init ] --END-- [ RunTime:0.000157s ]
INFO: [ app_begin ] --START--
INFO: Run Behavior\ReadHtmlCacheBehavior [ RunTime:0.000074s ]
INFO: [ app_begin ] --END-- [ RunTime:0.000119s ]
NOTIC: [8] Undefined index: echostr /data/httpd/my/thinkphp/Application/Home/Controller/WeixinController.class.php 第 31 行.

[ 2017-12-28T11:50:15+08:00 ] 182.254.86.140 /my/thinkphp/index.php/Home/weixin/checkSignature?signature=99c3e1836546fc7d2f2aabe62e387a8a00d11511&timestamp=1514433015&nonce=1896379295&openid=obhQAxKqgTFVObbBwTr5nhOl-YcY
INFO: [ app_init ] --START--
INFO: Run Behavior\BuildLiteBehavior [ RunTime:0.000017s ]
INFO: [ app_init ] --END-- [ RunTime:0.000169s ]
INFO: [ app_begin ] --START--
INFO: Run Behavior\ReadHtmlCacheBehavior [ RunTime:0.000091s ]
INFO: [ app_begin ] --END-- [ RunTime:0.000136s ]
NOTIC: [8] Undefined index: echostr /data/httpd/my/thinkphp/Application/Home/Controller/WeixinController.class.php 第 31 行.
INFO: [ app_end ] --START--
INFO: Run Behavior\ShowPageTraceBehavior [ RunTime:0.000085s ]
INFO: [ app_end ] --END-- [ RunTime:0.000130s ]

[ 2017-12-28T11:50:41+08:00 ] 182.254.86.150 /my/thinkphp/index.php/Home/weixin/checkSignature?signature=e2bd4e647a7a21e0c08b17588b69226462342984&timestamp=1514433041&nonce=1059497661&openid=obhQAxKqgTFVObbBwTr5nhOl-YcY
INFO: [ app_init ] --START--
INFO: Run Behavior\BuildLiteBehavior [ RunTime:0.000012s ]
INFO: [ app_init ] --END-- [ RunTime:0.000124s ]
INFO: [ app_begin ] --START--
INFO: Run Behavior\ReadHtmlCacheBehavior [ RunTime:0.000063s ]
INFO: [ app_begin ] --END-- [ RunTime:0.000098s ]
NOTIC: [8] Undefined index: echostr /data/httpd/my/thinkphp/Application/Home/Controller/WeixinController.class.php 第 31 行.

[ 2017-12-28T11:50:49+08:00 ] 182.254.86.145 /my/thinkphp/index.php/Home/weixin/checkSignature?signature=c965151eddb261694422aff0a573bb41a85b0f67&timestamp=1514433049&nonce=206041375&openid=obhQAxKqgTFVObbBwTr5nhOl-YcY
INFO: [ app_init ] --START--
INFO: Run Behavior\BuildLiteBehavior [ RunTime:0.000012s ]
INFO: [ app_init ] --END-- [ RunTime:0.000136s ]
INFO: [ app_begin ] --START--
INFO: Run Behavior\ReadHtmlCacheBehavior [ RunTime:0.000062s ]
INFO: [ app_begin ] --END-- [ RunTime:0.000094s ]
NOTIC: [8] Undefined index: echostr /data/httpd/my/thinkphp/Application/Home/Controller/WeixinController.class.php 第 31 行.

[ 2017-12-28T11:53:36+08:00 ] 182.254.86.150 /my/thinkphp/index.php/Home/weixin/checkSignature?signature=8c27bb5a50f285a8b583a7a559253ffa23255f39&timestamp=1514433216&nonce=371718318&openid=obhQAxKqgTFVObbBwTr5nhOl-YcY
INFO: [ app_init ] --START--
INFO: Run Behavior\BuildLiteBehavior [ RunTime:0.000011s ]
INFO: [ app_init ] --END-- [ RunTime:0.000128s ]
INFO: [ app_begin ] --START--
INFO: Run Behavior\ReadHtmlCacheBehavior [ RunTime:0.000063s ]
INFO: [ app_begin ] --END-- [ RunTime:0.000095s ]
NOTIC: [8] Undefined index: echostr /data/httpd/my/thinkphp/Application/Home/Controller/WeixinController.class.php 第 31 行.
NOTIC: [2] print_r() expects at most 2 parameters, 3 given /data/httpd/my/thinkphp/Application/Home/Controller/WeixinController.class.php 第 45 行.

[ 2017-12-28T11:54:04+08:00 ] 122.194.3.136 /my/thinkphp/index.php/Home/weixin/responseMsg
INFO: [ app_init ] --START--
INFO: Run Behavior\BuildLiteBehavior [ RunTime:0.000015s ]
INFO: [ app_init ] --END-- [ RunTime:0.000176s ]
INFO: [ app_begin ] --START--
INFO: Run Behavior\ReadHtmlCacheBehavior [ RunTime:0.000069s ]
INFO: [ app_begin ] --END-- [ RunTime:0.000100s ]
NOTIC: [8] Undefined index: HTTP_RAW_POST_DATA /data/httpd/my/thinkphp/Application/Home/Controller/WeixinController.class.php 第 43 行.
NOTIC: [2] print_r() expects at most 2 parameters, 3 given /data/httpd/my/thinkphp/Application/Home/Controller/WeixinController.class.php 第 45 行.
NOTIC: [8] Trying to get property of non-object /data/httpd/my/thinkphp/Application/Home/Controller/WeixinController.class.php 第 46 行.
INFO: [ app_end ] --START--
INFO: Run Behavior\ShowPageTraceBehavior [ RunTime:0.000063s ]
INFO: [ app_end ] --END-- [ RunTime:0.000087s ]

[ 2017-12-28T11:56:20+08:00 ] 122.194.3.136 /my/thinkphp/index.php/Home/weixin/responseMsg
INFO: [ app_init ] --START--
INFO: Run Behavior\BuildLiteBehavior [ RunTime:0.000019s ]
INFO: [ app_init ] --END-- [ RunTime:0.000415s ]
INFO: [ app_begin ] --START--
INFO: Run Behavior\ReadHtmlCacheBehavior [ RunTime:0.000325s ]
INFO: [ app_begin ] --END-- [ RunTime:0.000377s ]
NOTIC: [8] Undefined index: HTTP_RAW_POST_DATA /data/httpd/my/thinkphp/Application/Home/Controller/WeixinController.class.php 第 43 行.
NOTIC: [8] Trying to get property of non-object /data/httpd/my/thinkphp/Application/Home/Controller/WeixinController.class.php 第 46 行.
INFO: [ app_end ] --START--
INFO: Run Behavior\ShowPageTraceBehavior [ RunTime:0.000329s ]
INFO: [ app_end ] --END-- [ RunTime:0.000374s ]

[ 2017-12-28T11:57:10+08:00 ] 182.254.86.154 /my/thinkphp/index.php/Home/weixin/checkSignature?signature=e63844adccc3f9aef2af16d6d7f432b1632ff176&timestamp=1514433430&nonce=51729042&openid=obhQAxKqgTFVObbBwTr5nhOl-YcY
INFO: [ app_init ] --START--
INFO: Run Behavior\BuildLiteBehavior [ RunTime:0.000017s ]
INFO: [ app_init ] --END-- [ RunTime:0.000174s ]
INFO: [ app_begin ] --START--
INFO: Run Behavior\ReadHtmlCacheBehavior [ RunTime:0.000090s ]
INFO: [ app_begin ] --END-- [ RunTime:0.000138s ]
NOTIC: [8] Undefined index: echostr /data/httpd/my/thinkphp/Application/Home/Controller/WeixinController.class.php 第 31 行.

[ 2017-12-28T11:59:39+08:00 ] 182.254.86.140 /my/thinkphp/index.php/Home/weixin/checkSignature?signature=1b81665a767f1148a8dae3cde7191028fb3f8a08&timestamp=1514433579&nonce=1808129209&openid=obhQAxKqgTFVObbBwTr5nhOl-YcY
INFO: [ app_init ] --START--
INFO: Run Behavior\BuildLiteBehavior [ RunTime:0.000012s ]
INFO: [ app_init ] --END-- [ RunTime:0.000161s ]
INFO: [ app_begin ] --START--
INFO: Run Behavior\ReadHtmlCacheBehavior [ RunTime:0.000067s ]
INFO: [ app_begin ] --END-- [ RunTime:0.000102s ]
NOTIC: [8] Undefined index: echostr /data/httpd/my/thinkphp/Application/Home/Controller/WeixinController.class.php 第 31 行.

[ 2017-12-28T12:03:19+08:00 ] 182.254.86.140 /my/thinkphp/index.php/Home/weixin/checkSignature?signature=3c4310a4e4734f36221a9c43b038ae2493c31424&timestamp=1514433799&nonce=1412534070&openid=obhQAxKqgTFVObbBwTr5nhOl-YcY
INFO: [ app_init ] --START--
INFO: Run Behavior\BuildLiteBehavior [ RunTime:0.000011s ]
INFO: [ app_init ] --END-- [ RunTime:0.000122s ]
INFO: [ app_begin ] --START--
INFO: Run Behavior\ReadHtmlCacheBehavior [ RunTime:0.000062s ]
INFO: [ app_begin ] --END-- [ RunTime:0.000107s ]
NOTIC: [8] Undefined index: echostr /data/httpd/my/thinkphp/Application/Home/Controller/WeixinController.class.php 第 31 行.

[ 2017-12-28T12:04:29+08:00 ] 182.254.86.155 /my/thinkphp/index.php/Home/weixin/checkSignature?signature=dee89a0bdeb09e8c109b769c6f5cb722c1c7a2dc&timestamp=1514433869&nonce=116413756&openid=obhQAxKqgTFVObbBwTr5nhOl-YcY
INFO: [ app_init ] --START--
INFO: Run Behavior\BuildLiteBehavior [ RunTime:0.000017s ]
INFO: [ app_init ] --END-- [ RunTime:0.000171s ]
INFO: [ app_begin ] --START--
INFO: Run Behavior\ReadHtmlCacheBehavior [ RunTime:0.000089s ]
INFO: [ app_begin ] --END-- [ RunTime:0.000154s ]
NOTIC: [8] Undefined index: echostr /data/httpd/my/thinkphp/Application/Home/Controller/WeixinController.class.php 第 31 行.

[ 2017-12-28T12:07:08+08:00 ] 182.254.86.150 /my/thinkphp/index.php/Home/weixin/checkSignature?signature=afbc5a9bb1b4dc16c7016bf5e0d22022281ad94d&timestamp=1514434028&nonce=506538935&openid=obhQAxKqgTFVObbBwTr5nhOl-YcY
INFO: [ app_init ] --START--
INFO: Run Behavior\BuildLiteBehavior [ RunTime:0.000012s ]
INFO: [ app_init ] --END-- [ RunTime:0.000120s ]
INFO: [ app_begin ] --START--
INFO: Run Behavior\ReadHtmlCacheBehavior [ RunTime:0.000062s ]
INFO: [ app_begin ] --END-- [ RunTime:0.000093s ]
NOTIC: [8] Undefined index: echostr /data/httpd/my/thinkphp/Application/Home/Controller/WeixinController.class.php 第 31 行.

[ 2017-12-28T12:08:00+08:00 ] 182.254.86.145 /my/thinkphp/index.php/Home/weixin/checkSignature?signature=9c6129f9c2a5d8de7d23729b4843daab65674689&timestamp=1514434080&nonce=974525418&openid=obhQAxKqgTFVObbBwTr5nhOl-YcY
INFO: [ app_init ] --START--
INFO: Run Behavior\BuildLiteBehavior [ RunTime:0.000016s ]
INFO: [ app_init ] --END-- [ RunTime:0.000172s ]
INFO: [ app_begin ] --START--
INFO: Run Behavior\ReadHtmlCacheBehavior [ RunTime:0.000084s ]
INFO: [ app_begin ] --END-- [ RunTime:0.000145s ]
NOTIC: [8] Undefined index: echostr /data/httpd/my/thinkphp/Application/Home/Controller/WeixinController.class.php 第 31 行.
INFO: [ app_end ] --START--
INFO: Run Behavior\ShowPageTraceBehavior [ RunTime:0.000069s ]
INFO: [ app_end ] --END-- [ RunTime:0.000101s ]

[ 2017-12-28T12:08:34+08:00 ] 182.254.86.139 /my/thinkphp/index.php/Home/weixin/checkSignature?signature=02d7348be920e456b60c587291366d543f904c80&timestamp=1514434114&nonce=1176821607&openid=obhQAxKqgTFVObbBwTr5nhOl-YcY
INFO: [ app_init ] --START--
INFO: Run Behavior\BuildLiteBehavior [ RunTime:0.000012s ]
INFO: [ app_init ] --END-- [ RunTime:0.000126s ]
INFO: [ app_begin ] --START--
INFO: Run Behavior\ReadHtmlCacheBehavior [ RunTime:0.000062s ]
INFO: [ app_begin ] --END-- [ RunTime:0.000095s ]
NOTIC: [8] Undefined index: echostr /data/httpd/my/thinkphp/Application/Home/Controller/WeixinController.class.php 第 31 行.

[ 2017-12-28T12:10:35+08:00 ] 182.254.86.155 /my/thinkphp/index.php/Home/weixin/checkSignature?signature=0f6e4953cb993ccb4907bedad5950d4700d9157f&timestamp=1514434235&nonce=1409920052&openid=obhQAxKqgTFVObbBwTr5nhOl-YcY
INFO: [ app_init ] --START--
INFO: Run Behavior\BuildLiteBehavior [ RunTime:0.000013s ]
INFO: [ app_init ] --END-- [ RunTime:0.000393s ]
INFO: [ app_begin ] --START--
INFO: Run Behavior\ReadHtmlCacheBehavior [ RunTime:0.000065s ]
INFO: [ app_begin ] --END-- [ RunTime:0.000099s ]
NOTIC: [8] Undefined index: echostr /data/httpd/my/thinkphp/Application/Home/Controller/WeixinController.class.php 第 31 行.

[ 2017-12-28T12:10:55+08:00 ] 182.254.86.154 /my/thinkphp/index.php/Home/weixin/checkSignature?signature=35658583751b5e6de91e189b485fe0a3d18364d1&timestamp=1514434255&nonce=1642993018&openid=obhQAxKqgTFVObbBwTr5nhOl-YcY
INFO: [ app_init ] --START--
INFO: Run Behavior\BuildLiteBehavior [ RunTime:0.000012s ]
INFO: [ app_init ] --END-- [ RunTime:0.000120s ]
INFO: [ app_begin ] --START--
INFO: Run Behavior\ReadHtmlCacheBehavior [ RunTime:0.000063s ]
INFO: [ app_begin ] --END-- [ RunTime:0.000095s ]
NOTIC: [8] Undefined index: echostr /data/httpd/my/thinkphp/Application/Home/Controller/WeixinController.class.php 第 31 行.
INFO: [ app_end ] --START--
INFO: Run Behavior\ShowPageTraceBehavior [ RunTime:0.000084s ]
INFO: [ app_end ] --END-- [ RunTime:0.000116s ]

[ 2017-12-28T12:13:53+08:00 ] 182.254.86.144 /my/thinkphp/index.php/Home/weixin/checkSignature?signature=6369796e9188b8c248da99bccdade668b3dc7078&timestamp=1514434433&nonce=1339293296&openid=obhQAxKqgTFVObbBwTr5nhOl-YcY
INFO: [ app_init ] --START--
INFO: Run Behavior\BuildLiteBehavior [ RunTime:0.000016s ]
INFO: [ app_init ] --END-- [ RunTime:0.000134s ]
INFO: [ app_begin ] --START--
INFO: Run Behavior\ReadHtmlCacheBehavior [ RunTime:0.000063s ]
INFO: [ app_begin ] --END-- [ RunTime:0.000098s ]
NOTIC: [8] Undefined index: echostr /data/httpd/my/thinkphp/Application/Home/Controller/WeixinController.class.php 第 31 行.

[ 2017-12-28T12:17:02+08:00 ] 182.254.86.155 /my/thinkphp/index.php/Home/weixin/checkSignature?signature=93e938cae01457418f2775b92ab6630577ba87a8&timestamp=1514434622&nonce=1649676352&openid=obhQAxKqgTFVObbBwTr5nhOl-YcY
INFO: [ app_init ] --START--
INFO: Run Behavior\BuildLiteBehavior [ RunTime:0.000011s ]
INFO: [ app_init ] --END-- [ RunTime:0.000126s ]
INFO: [ app_begin ] --START--
INFO: Run Behavior\ReadHtmlCacheBehavior [ RunTime:0.000066s ]
INFO: [ app_begin ] --END-- [ RunTime:0.000101s ]
NOTIC: [8] Undefined index: echostr /data/httpd/my/thinkphp/Application/Home/Controller/WeixinController.class.php 第 31 行.

[ 2017-12-28T12:17:24+08:00 ] 182.254.86.154 /my/thinkphp/index.php/Home/weixin/checkSignature?signature=b25699f245ad081ed46d0246fb6783cfccfc728c&timestamp=1514434644&nonce=925219621&openid=obhQAxKqgTFVObbBwTr5nhOl-YcY
INFO: [ app_init ] --START--
INFO: Run Behavior\BuildLiteBehavior [ RunTime:0.000013s ]
INFO: [ app_init ] --END-- [ RunTime:0.000134s ]
INFO: [ app_begin ] --START--
INFO: Run Behavior\ReadHtmlCacheBehavior [ RunTime:0.000064s ]
INFO: [ app_begin ] --END-- [ RunTime:0.000103s ]
NOTIC: [8] Undefined index: echostr /data/httpd/my/thinkphp/Application/Home/Controller/WeixinController.class.php 第 31 行.

[ 2017-12-28T12:19:32+08:00 ] 182.254.86.155 /my/thinkphp/index.php/Home/weixin/checkSignature?signature=e3b3d46de15069c4832c6a2510f45fa093bc55dd&timestamp=1514434772&nonce=286836729&openid=obhQAxKqgTFVObbBwTr5nhOl-YcY
INFO: [ app_init ] --START--
INFO: Run Behavior\BuildLiteBehavior [ RunTime:0.000016s ]
INFO: [ app_init ] --END-- [ RunTime:0.000195s ]
INFO: [ app_begin ] --START--
INFO: Run Behavior\ReadHtmlCacheBehavior [ RunTime:0.000089s ]
INFO: [ app_begin ] --END-- [ RunTime:0.000143s ]
NOTIC: [8] Undefined index: echostr /data/httpd/my/thinkphp/Application/Home/Controller/WeixinController.class.php 第 31 行.

[ 2017-12-28T12:19:42+08:00 ] 182.254.86.150 /my/thinkphp/index.php/Home/weixin/checkSignature?signature=ff15779cc9407e75e6002b6fbdc91cb6aec87cda&timestamp=1514434782&nonce=990009868&openid=obhQAxKqgTFVObbBwTr5nhOl-YcY
INFO: [ app_init ] --START--
INFO: Run Behavior\BuildLiteBehavior [ RunTime:0.000014s ]
INFO: [ app_init ] --END-- [ RunTime:0.000157s ]
INFO: [ app_begin ] --START--
INFO: Run Behavior\ReadHtmlCacheBehavior [ RunTime:0.000065s ]
INFO: [ app_begin ] --END-- [ RunTime:0.000102s ]
NOTIC: [8] Undefined index: echostr /data/httpd/my/thinkphp/Application/Home/Controller/WeixinController.class.php 第 31 行.

[ 2017-12-28T12:20:42+08:00 ] 182.254.86.155 /my/thinkphp/index.php/Home/weixin/checkSignature?signature=3515551cd33a9d78e1942971ce4b5b31f06fddd9&timestamp=1514434842&nonce=784274653&openid=obhQAxKqgTFVObbBwTr5nhOl-YcY
INFO: [ app_init ] --START--
INFO: Run Behavior\BuildLiteBehavior [ RunTime:0.000011s ]
INFO: [ app_init ] --END-- [ RunTime:0.000124s ]
INFO: [ app_begin ] --START--
INFO: Run Behavior\ReadHtmlCacheBehavior [ RunTime:0.000072s ]
INFO: [ app_begin ] --END-- [ RunTime:0.000110s ]
NOTIC: [8] Undefined index: echostr /data/httpd/my/thinkphp/Application/Home/Controller/WeixinController.class.php 第 31 行.

[ 2017-12-28T12:27:57+08:00 ] 182.254.86.144 /my/thinkphp/index.php/Home/weixin/checkSignature?signature=b87b97f923e25dc6548641f7660e5241d759b4ce&timestamp=1514435277&nonce=1190268391&openid=obhQAxKqgTFVObbBwTr5nhOl-YcY
INFO: [ app_init ] --START--
INFO: Run Behavior\BuildLiteBehavior [ RunTime:0.000012s ]
INFO: [ app_init ] --END-- [ RunTime:0.000122s ]
INFO: [ app_begin ] --START--
INFO: Run Behavior\ReadHtmlCacheBehavior [ RunTime:0.000063s ]
INFO: [ app_begin ] --END-- [ RunTime:0.000096s ]
NOTIC: [8] Undefined index: echostr /data/httpd/my/thinkphp/Application/Home/Controller/WeixinController.class.php 第 31 行.

[ 2017-12-28T12:29:08+08:00 ] 182.254.86.150 /my/thinkphp/index.php/Home/weixin/checkSignature?signature=1046cb7a70b01c813f5c16cdb375cda4694f2cb2&timestamp=1514435348&nonce=788071334&openid=obhQAxKqgTFVObbBwTr5nhOl-YcY
INFO: [ app_init ] --START--
INFO: Run Behavior\BuildLiteBehavior [ RunTime:0.000016s ]
INFO: [ app_init ] --END-- [ RunTime:0.000165s ]
INFO: [ app_begin ] --START--
INFO: Run Behavior\ReadHtmlCacheBehavior [ RunTime:0.000074s ]
INFO: [ app_begin ] --END-- [ RunTime:0.000107s ]
NOTIC: [8] Undefined index: echostr /data/httpd/my/thinkphp/Application/Home/Controller/WeixinController.class.php 第 31 行.
INFO: [ app_end ] --START--
INFO: Run Behavior\ShowPageTraceBehavior [ RunTime:0.000066s ]
INFO: [ app_end ] --END-- [ RunTime:0.000097s ]

[ 2017-12-28T12:29:16+08:00 ] 182.254.86.154 /my/thinkphp/index.php/Home/weixin/checkSignature?signature=31a07a2c134af3fef011842d30dd9617392ed6d7&timestamp=1514435356&nonce=1289884338&openid=obhQAxKqgTFVObbBwTr5nhOl-YcY
INFO: [ app_init ] --START--
INFO: Run Behavior\BuildLiteBehavior [ RunTime:0.000011s ]
INFO: [ app_init ] --END-- [ RunTime:0.000121s ]
INFO: [ app_begin ] --START--
INFO: Run Behavior\ReadHtmlCacheBehavior [ RunTime:0.000070s ]
INFO: [ app_begin ] --END-- [ RunTime:0.000103s ]
NOTIC: [8] Undefined index: echostr /data/httpd/my/thinkphp/Application/Home/Controller/WeixinController.class.php 第 31 行.
INFO: [ app_end ] --START--
INFO: Run Behavior\ShowPageTraceBehavior [ RunTime:0.000063s ]
INFO: [ app_end ] --END-- [ RunTime:0.000093s ]

[ 2017-12-28T12:30:15+08:00 ] 182.254.86.142 /my/thinkphp/index.php/Home/weixin/checkSignature?signature=4897413fa6cc6d6855382e4d21c2935e4cf1752b&timestamp=1514435415&nonce=210319011&openid=obhQAxMsazreD8iqxCQaNPjUHLx0
INFO: [ app_init ] --START--
INFO: Run Behavior\BuildLiteBehavior [ RunTime:0.000015s ]
INFO: [ app_init ] --END-- [ RunTime:0.000143s ]
INFO: [ app_begin ] --START--
INFO: Run Behavior\ReadHtmlCacheBehavior [ RunTime:0.000062s ]
INFO: [ app_begin ] --END-- [ RunTime:0.000105s ]
NOTIC: [8] Undefined index: echostr /data/httpd/my/thinkphp/Application/Home/Controller/WeixinController.class.php 第 31 行.
INFO: [ app_end ] --START--
INFO: Run Behavior\ShowPageTraceBehavior [ RunTime:0.000065s ]
INFO: [ app_end ] --END-- [ RunTime:0.000095s ]

[ 2017-12-28T12:43:28+08:00 ] 182.254.86.152 /my/thinkphp/index.php/Home/weixin/checkSignature?signature=7c071582efaa497ab87e43da025210a98d46df51&timestamp=1514436208&nonce=918915614&openid=obhQAxMsazreD8iqxCQaNPjUHLx0
INFO: [ app_init ] --START--
INFO: Run Behavior\BuildLiteBehavior [ RunTime:0.000012s ]
INFO: [ app_init ] --END-- [ RunTime:0.000137s ]
INFO: [ app_begin ] --START--
INFO: Run Behavior\ReadHtmlCacheBehavior [ RunTime:0.000070s ]
INFO: [ app_begin ] --END-- [ RunTime:0.000103s ]
NOTIC: [8] Undefined index: echostr /data/httpd/my/thinkphp/Application/Home/Controller/WeixinController.class.php 第 31 行.
INFO: [ app_end ] --START--
INFO: Run Behavior\ShowPageTraceBehavior [ RunTime:0.000070s ]
INFO: [ app_end ] --END-- [ RunTime:0.000105s ]

[ 2017-12-28T12:43:45+08:00 ] 182.254.86.140 /my/thinkphp/index.php/Home/weixin/checkSignature?signature=cb649aefbbe4895fe50928a44ddef6665f925063&timestamp=1514436225&nonce=909818372&openid=obhQAxKqgTFVObbBwTr5nhOl-YcY
INFO: [ app_init ] --START--
INFO: Run Behavior\BuildLiteBehavior [ RunTime:0.000016s ]
INFO: [ app_init ] --END-- [ RunTime:0.000200s ]
INFO: [ app_begin ] --START--
INFO: Run Behavior\ReadHtmlCacheBehavior [ RunTime:0.000094s ]
INFO: [ app_begin ] --END-- [ RunTime:0.000147s ]
NOTIC: [8] Undefined index: echostr /data/httpd/my/thinkphp/Application/Home/Controller/WeixinController.class.php 第 31 行.
INFO: [ app_end ] --START--
INFO: Run Behavior\ShowPageTraceBehavior [ RunTime:0.000086s ]
INFO: [ app_end ] --END-- [ RunTime:0.000127s ]

[ 2017-12-28T12:45:23+08:00 ] 182.254.86.140 /my/thinkphp/index.php/Home/weixin/checkSignature?signature=49617ca5d23450f32db37e075ad4d1a19969362b&timestamp=1514436323&nonce=483234716&openid=obhQAxKqgTFVObbBwTr5nhOl-YcY
INFO: [ app_init ] --START--
INFO: Run Behavior\BuildLiteBehavior [ RunTime:0.000012s ]
INFO: [ app_init ] --END-- [ RunTime:0.000144s ]
INFO: [ app_begin ] --START--
INFO: Run Behavior\ReadHtmlCacheBehavior [ RunTime:0.000060s ]
INFO: [ app_begin ] --END-- [ RunTime:0.000092s ]
NOTIC: [8] Undefined index: echostr /data/httpd/my/thinkphp/Application/Home/Controller/WeixinController.class.php 第 31 行.
INFO: [ app_end ] --START--
INFO: Run Behavior\ShowPageTraceBehavior [ RunTime:0.000095s ]
INFO: [ app_end ] --END-- [ RunTime:0.000140s ]

[ 2017-12-28T12:45:49+08:00 ] 182.254.86.150 /my/thinkphp/index.php/Home/weixin/checkSignature?signature=ae3b21957c05d24d610bdec48fed96b435d98472&timestamp=1514436349&nonce=1555178458&openid=obhQAxKqgTFVObbBwTr5nhOl-YcY
INFO: [ app_init ] --START--
INFO: Run Behavior\BuildLiteBehavior [ RunTime:0.000012s ]
INFO: [ app_init ] --END-- [ RunTime:0.000120s ]
INFO: [ app_begin ] --START--
INFO: Run Behavior\ReadHtmlCacheBehavior [ RunTime:0.000071s ]
INFO: [ app_begin ] --END-- [ RunTime:0.000116s ]

[ 2017-12-28T12:45:55+08:00 ] 182.254.86.150 /my/thinkphp/index.php/Home/weixin/checkSignature?signature=6810bd0514f364b059ae9fbe411dccbbeb95bcc3&timestamp=1514436355&nonce=2137762618&openid=obhQAxKqgTFVObbBwTr5nhOl-YcY
INFO: [ app_init ] --START--
INFO: Run Behavior\BuildLiteBehavior [ RunTime:0.000012s ]
INFO: [ app_init ] --END-- [ RunTime:0.000120s ]
INFO: [ app_begin ] --START--
INFO: Run Behavior\ReadHtmlCacheBehavior [ RunTime:0.000069s ]
INFO: [ app_begin ] --END-- [ RunTime:0.000105s ]

[ 2017-12-28T12:46:10+08:00 ] 182.254.86.155 /my/thinkphp/index.php/Home/weixin/checkSignature?signature=63d102b36865a0649b1b1a542d8812455177e48d&timestamp=1514436369&nonce=622409857&openid=obhQAxKqgTFVObbBwTr5nhOl-YcY
INFO: [ app_init ] --START--
INFO: Run Behavior\BuildLiteBehavior [ RunTime:0.000013s ]
INFO: [ app_init ] --END-- [ RunTime:0.000135s ]
INFO: [ app_begin ] --START--
INFO: Run Behavior\ReadHtmlCacheBehavior [ RunTime:0.000066s ]
INFO: [ app_begin ] --END-- [ RunTime:0.000099s ]
NOTIC: [8] Undefined index: echostr /data/httpd/my/thinkphp/Application/Home/Controller/WeixinController.class.php 第 31 行.
INFO: [ app_end ] --START--
INFO: Run Behavior\ShowPageTraceBehavior [ RunTime:0.000065s ]
INFO: [ app_end ] --END-- [ RunTime:0.000096s ]

[ 2017-12-28T13:30:39+08:00 ] 113.108.21.80 /my/thinkphp/index.php/Home/weixin/responseMsg
INFO: [ app_init ] --START--
INFO: Run Behavior\BuildLiteBehavior [ RunTime:0.000012s ]
INFO: [ app_init ] --END-- [ RunTime:0.000471s ]
INFO: [ app_begin ] --START--
INFO: Run Behavior\ReadHtmlCacheBehavior [ RunTime:0.000319s ]
INFO: [ app_begin ] --END-- [ RunTime:0.000351s ]
NOTIC: [8] Undefined index: HTTP_RAW_POST_DATA /data/httpd/my/thinkphp/Application/Home/Controller/WeixinController.class.php 第 43 行.
NOTIC: [8] Trying to get property of non-object /data/httpd/my/thinkphp/Application/Home/Controller/WeixinController.class.php 第 46 行.
INFO: [ app_end ] --START--
INFO: Run Behavior\ShowPageTraceBehavior [ RunTime:0.000295s ]
INFO: [ app_end ] --END-- [ RunTime:0.000322s ]

[ 2017-12-28T19:38:41+08:00 ] 182.254.86.149 /my/thinkphp/index.php/Home/weixin/checkSignature?signature=7792f71296b54fa04d93d17a50656d4e2e2d3d35&timestamp=1514461121&nonce=1795931979&openid=obhQAxKqgTFVObbBwTr5nhOl-YcY
INFO: [ app_init ] --START--
INFO: Run Behavior\BuildLiteBehavior [ RunTime:0.000030s ]
INFO: [ app_init ] --END-- [ RunTime:0.000601s ]
INFO: [ app_begin ] --START--
INFO: Run Behavior\ReadHtmlCacheBehavior [ RunTime:0.000292s ]
INFO: [ app_begin ] --END-- [ RunTime:0.000344s ]
NOTIC: [8] Undefined index: echostr /data/httpd/my/thinkphp/Application/Home/Controller/WeixinController.class.php 第 31 行.
INFO: [ app_end ] --START--
INFO: Run Behavior\ShowPageTraceBehavior [ RunTime:0.000332s ]
INFO: [ app_end ] --END-- [ RunTime:0.000380s ]

