[ 2018-01-03T14:03:28+08:00 ] 202.195.159.95 /my/thinkphp/
INFO: [ app_init ] --START--
INFO: Run Behavior\BuildLiteBehavior [ RunTime:0.000014s ]
INFO: [ app_init ] --END-- [ RunTime:0.000850s ]
INFO: [ app_begin ] --START--
INFO: Run Behavior\ReadHtmlCacheBehavior [ RunTime:0.000301s ]
INFO: [ app_begin ] --END-- [ RunTime:0.000341s ]
NOTIC: [8] Undefined index: signature /data/httpd/my/thinkphp/Application/Home/Controller/IndexController.class.php 第 14 行.
NOTIC: [8] Undefined index: nonce /data/httpd/my/thinkphp/Application/Home/Controller/IndexController.class.php 第 15 行.
NOTIC: [8] Undefined index: timestamp /data/httpd/my/thinkphp/Application/Home/Controller/IndexController.class.php 第 17 行.
NOTIC: [8] Undefined index: echostr /data/httpd/my/thinkphp/Application/Home/Controller/IndexController.class.php 第 18 行.
NOTIC: [8] Undefined index: HTTP_RAW_POST_DATA /data/httpd/my/thinkphp/Application/Home/Controller/IndexController.class.php 第 91 行.
NOTIC: [8] Trying to get property of non-object /data/httpd/my/thinkphp/Application/Home/Controller/IndexController.class.php 第 93 行.
NOTIC: [8] Trying to get property of non-object /data/httpd/my/thinkphp/Application/Home/Controller/IndexController.class.php 第 94 行.
NOTIC: [8] Trying to get property of non-object /data/httpd/my/thinkphp/Application/Home/Controller/IndexController.class.php 第 96 行.
NOTIC: [8] Trying to get property of non-object /data/httpd/my/thinkphp/Application/Home/Controller/IndexController.class.php 第 97 行.
INFO: [ app_end ] --START--
INFO: Run Behavior\ShowPageTraceBehavior [ RunTime:0.000359s ]
INFO: [ app_end ] --END-- [ RunTime:0.000396s ]

[ 2018-01-03T16:38:33+08:00 ] 14.17.3.65 /my/thinkphp/
INFO: [ app_init ] --START--
INFO: Run Behavior\BuildLiteBehavior [ RunTime:0.000017s ]
INFO: [ app_init ] --END-- [ RunTime:0.001053s ]
INFO: [ app_begin ] --START--
INFO: Run Behavior\ReadHtmlCacheBehavior [ RunTime:0.000279s ]
INFO: [ app_begin ] --END-- [ RunTime:0.000324s ]
NOTIC: [8] Undefined index: signature /data/httpd/my/thinkphp/Application/Home/Controller/IndexController.class.php 第 14 行.
NOTIC: [8] Undefined index: nonce /data/httpd/my/thinkphp/Application/Home/Controller/IndexController.class.php 第 15 行.
NOTIC: [8] Undefined index: timestamp /data/httpd/my/thinkphp/Application/Home/Controller/IndexController.class.php 第 17 行.
NOTIC: [8] Undefined index: echostr /data/httpd/my/thinkphp/Application/Home/Controller/IndexController.class.php 第 18 行.
NOTIC: [8] Undefined index: HTTP_RAW_POST_DATA /data/httpd/my/thinkphp/Application/Home/Controller/IndexController.class.php 第 91 行.
NOTIC: [8] Trying to get property of non-object /data/httpd/my/thinkphp/Application/Home/Controller/IndexController.class.php 第 93 行.
NOTIC: [8] Trying to get property of non-object /data/httpd/my/thinkphp/Application/Home/Controller/IndexController.class.php 第 94 行.
NOTIC: [8] Trying to get property of non-object /data/httpd/my/thinkphp/Application/Home/Controller/IndexController.class.php 第 96 行.
NOTIC: [8] Trying to get property of non-object /data/httpd/my/thinkphp/Application/Home/Controller/IndexController.class.php 第 97 行.
INFO: [ app_end ] --START--
INFO: Run Behavior\ShowPageTraceBehavior [ RunTime:0.000323s ]
INFO: [ app_end ] --END-- [ RunTime:0.000361s ]

[ 2018-01-03T18:05:54+08:00 ] 202.195.159.95 /my/thinkphp/
INFO: [ app_init ] --START--
INFO: Run Behavior\BuildLiteBehavior [ RunTime:0.000013s ]
INFO: [ app_init ] --END-- [ RunTime:0.000885s ]
INFO: [ app_begin ] --START--
INFO: Run Behavior\ReadHtmlCacheBehavior [ RunTime:0.000316s ]
INFO: [ app_begin ] --END-- [ RunTime:0.000363s ]
NOTIC: [8] Undefined index: signature /data/httpd/my/thinkphp/Application/Home/Controller/IndexController.class.php 第 14 行.
NOTIC: [8] Undefined index: nonce /data/httpd/my/thinkphp/Application/Home/Controller/IndexController.class.php 第 15 行.
NOTIC: [8] Undefined index: timestamp /data/httpd/my/thinkphp/Application/Home/Controller/IndexController.class.php 第 17 行.
NOTIC: [8] Undefined index: echostr /data/httpd/my/thinkphp/Application/Home/Controller/IndexController.class.php 第 18 行.
NOTIC: [8] Undefined index: HTTP_RAW_POST_DATA /data/httpd/my/thinkphp/Application/Home/Controller/IndexController.class.php 第 91 行.
NOTIC: [8] Trying to get property of non-object /data/httpd/my/thinkphp/Application/Home/Controller/IndexController.class.php 第 93 行.
NOTIC: [8] Trying to get property of non-object /data/httpd/my/thinkphp/Application/Home/Controller/IndexController.class.php 第 94 行.
NOTIC: [8] Trying to get property of non-object /data/httpd/my/thinkphp/Application/Home/Controller/IndexController.class.php 第 96 行.
NOTIC: [8] Trying to get property of non-object /data/httpd/my/thinkphp/Application/Home/Controller/IndexController.class.php 第 97 行.
INFO: [ app_end ] --START--
INFO: Run Behavior\ShowPageTraceBehavior [ RunTime:0.000354s ]
INFO: [ app_end ] --END-- [ RunTime:0.000407s ]

[ 2018-01-03T18:08:19+08:00 ] 202.195.159.95 /
INFO: [ app_init ] --START--
INFO: Run Behavior\BuildLiteBehavior [ RunTime:0.000013s ]
INFO: [ app_init ] --END-- [ RunTime:0.000806s ]
INFO: [ app_begin ] --START--
INFO: Run Behavior\ReadHtmlCacheBehavior [ RunTime:0.000302s ]
INFO: [ app_begin ] --END-- [ RunTime:0.000344s ]
NOTIC: [8] Undefined index: signature /data/httpd/my/thinkphp/Application/Home/Controller/IndexController.class.php 第 14 行.
NOTIC: [8] Undefined index: nonce /data/httpd/my/thinkphp/Application/Home/Controller/IndexController.class.php 第 15 行.
NOTIC: [8] Undefined index: timestamp /data/httpd/my/thinkphp/Application/Home/Controller/IndexController.class.php 第 17 行.
NOTIC: [8] Undefined index: echostr /data/httpd/my/thinkphp/Application/Home/Controller/IndexController.class.php 第 18 行.
NOTIC: [8] Undefined index: HTTP_RAW_POST_DATA /data/httpd/my/thinkphp/Application/Home/Controller/IndexController.class.php 第 91 行.
NOTIC: [8] Trying to get property of non-object /data/httpd/my/thinkphp/Application/Home/Controller/IndexController.class.php 第 93 行.
NOTIC: [8] Trying to get property of non-object /data/httpd/my/thinkphp/Application/Home/Controller/IndexController.class.php 第 94 行.
NOTIC: [8] Trying to get property of non-object /data/httpd/my/thinkphp/Application/Home/Controller/IndexController.class.php 第 96 行.
NOTIC: [8] Trying to get property of non-object /data/httpd/my/thinkphp/Application/Home/Controller/IndexController.class.php 第 97 行.
INFO: [ app_end ] --START--
INFO: Run Behavior\ShowPageTraceBehavior [ RunTime:0.000319s ]
INFO: [ app_end ] --END-- [ RunTime:0.000355s ]

[ 2018-01-03T18:08:21+08:00 ] 202.195.159.95 /
INFO: [ app_init ] --START--
INFO: Run Behavior\BuildLiteBehavior [ RunTime:0.000011s ]
INFO: [ app_init ] --END-- [ RunTime:0.000117s ]
INFO: [ app_begin ] --START--
INFO: Run Behavior\ReadHtmlCacheBehavior [ RunTime:0.000051s ]
INFO: [ app_begin ] --END-- [ RunTime:0.000088s ]
NOTIC: [8] Undefined index: signature /data/httpd/my/thinkphp/Application/Home/Controller/IndexController.class.php 第 14 行.
NOTIC: [8] Undefined index: nonce /data/httpd/my/thinkphp/Application/Home/Controller/IndexController.class.php 第 15 行.
NOTIC: [8] Undefined index: timestamp /data/httpd/my/thinkphp/Application/Home/Controller/IndexController.class.php 第 17 行.
NOTIC: [8] Undefined index: echostr /data/httpd/my/thinkphp/Application/Home/Controller/IndexController.class.php 第 18 行.
NOTIC: [8] Undefined index: HTTP_RAW_POST_DATA /data/httpd/my/thinkphp/Application/Home/Controller/IndexController.class.php 第 91 行.
NOTIC: [8] Trying to get property of non-object /data/httpd/my/thinkphp/Application/Home/Controller/IndexController.class.php 第 93 行.
NOTIC: [8] Trying to get property of non-object /data/httpd/my/thinkphp/Application/Home/Controller/IndexController.class.php 第 94 行.
NOTIC: [8] Trying to get property of non-object /data/httpd/my/thinkphp/Application/Home/Controller/IndexController.class.php 第 96 行.
NOTIC: [8] Trying to get property of non-object /data/httpd/my/thinkphp/Application/Home/Controller/IndexController.class.php 第 97 行.
INFO: [ app_end ] --START--
INFO: Run Behavior\ShowPageTraceBehavior [ RunTime:0.000048s ]
INFO: [ app_end ] --END-- [ RunTime:0.000076s ]

[ 2018-01-03T18:08:22+08:00 ] 202.195.159.95 /
INFO: [ app_init ] --START--
INFO: Run Behavior\BuildLiteBehavior [ RunTime:0.000010s ]
INFO: [ app_init ] --END-- [ RunTime:0.000110s ]
INFO: [ app_begin ] --START--
INFO: Run Behavior\ReadHtmlCacheBehavior [ RunTime:0.000053s ]
INFO: [ app_begin ] --END-- [ RunTime:0.000088s ]
NOTIC: [8] Undefined index: signature /data/httpd/my/thinkphp/Application/Home/Controller/IndexController.class.php 第 14 行.
NOTIC: [8] Undefined index: nonce /data/httpd/my/thinkphp/Application/Home/Controller/IndexController.class.php 第 15 行.
NOTIC: [8] Undefined index: timestamp /data/httpd/my/thinkphp/Application/Home/Controller/IndexController.class.php 第 17 行.
NOTIC: [8] Undefined index: echostr /data/httpd/my/thinkphp/Application/Home/Controller/IndexController.class.php 第 18 行.
NOTIC: [8] Undefined index: HTTP_RAW_POST_DATA /data/httpd/my/thinkphp/Application/Home/Controller/IndexController.class.php 第 91 行.
NOTIC: [8] Trying to get property of non-object /data/httpd/my/thinkphp/Application/Home/Controller/IndexController.class.php 第 93 行.
NOTIC: [8] Trying to get property of non-object /data/httpd/my/thinkphp/Application/Home/Controller/IndexController.class.php 第 94 行.
NOTIC: [8] Trying to get property of non-object /data/httpd/my/thinkphp/Application/Home/Controller/IndexController.class.php 第 96 行.
NOTIC: [8] Trying to get property of non-object /data/httpd/my/thinkphp/Application/Home/Controller/IndexController.class.php 第 97 行.
INFO: [ app_end ] --START--
INFO: Run Behavior\ShowPageTraceBehavior [ RunTime:0.000058s ]
INFO: [ app_end ] --END-- [ RunTime:0.000091s ]

[ 2018-01-03T18:08:22+08:00 ] 202.195.159.95 /
INFO: [ app_init ] --START--
INFO: Run Behavior\BuildLiteBehavior [ RunTime:0.000014s ]
INFO: [ app_init ] --END-- [ RunTime:0.000140s ]
INFO: [ app_begin ] --START--
INFO: Run Behavior\ReadHtmlCacheBehavior [ RunTime:0.000075s ]
INFO: [ app_begin ] --END-- [ RunTime:0.000123s ]
NOTIC: [8] Undefined index: signature /data/httpd/my/thinkphp/Application/Home/Controller/IndexController.class.php 第 14 行.
NOTIC: [8] Undefined index: nonce /data/httpd/my/thinkphp/Application/Home/Controller/IndexController.class.php 第 15 行.
NOTIC: [8] Undefined index: timestamp /data/httpd/my/thinkphp/Application/Home/Controller/IndexController.class.php 第 17 行.
NOTIC: [8] Undefined index: echostr /data/httpd/my/thinkphp/Application/Home/Controller/IndexController.class.php 第 18 行.
NOTIC: [8] Undefined index: HTTP_RAW_POST_DATA /data/httpd/my/thinkphp/Application/Home/Controller/IndexController.class.php 第 91 行.
NOTIC: [8] Trying to get property of non-object /data/httpd/my/thinkphp/Application/Home/Controller/IndexController.class.php 第 93 行.
NOTIC: [8] Trying to get property of non-object /data/httpd/my/thinkphp/Application/Home/Controller/IndexController.class.php 第 94 行.
NOTIC: [8] Trying to get property of non-object /data/httpd/my/thinkphp/Application/Home/Controller/IndexController.class.php 第 96 行.
NOTIC: [8] Trying to get property of non-object /data/httpd/my/thinkphp/Application/Home/Controller/IndexController.class.php 第 97 行.
INFO: [ app_end ] --START--
INFO: Run Behavior\ShowPageTraceBehavior [ RunTime:0.000057s ]
INFO: [ app_end ] --END-- [ RunTime:0.000087s ]

[ 2018-01-03T18:08:22+08:00 ] 202.195.159.95 /
INFO: [ app_init ] --START--
INFO: Run Behavior\BuildLiteBehavior [ RunTime:0.000011s ]
INFO: [ app_init ] --END-- [ RunTime:0.000103s ]
INFO: [ app_begin ] --START--
INFO: Run Behavior\ReadHtmlCacheBehavior [ RunTime:0.000046s ]
INFO: [ app_begin ] --END-- [ RunTime:0.000074s ]
NOTIC: [8] Undefined index: signature /data/httpd/my/thinkphp/Application/Home/Controller/IndexController.class.php 第 14 行.
NOTIC: [8] Undefined index: nonce /data/httpd/my/thinkphp/Application/Home/Controller/IndexController.class.php 第 15 行.
NOTIC: [8] Undefined index: timestamp /data/httpd/my/thinkphp/Application/Home/Controller/IndexController.class.php 第 17 行.
NOTIC: [8] Undefined index: echostr /data/httpd/my/thinkphp/Application/Home/Controller/IndexController.class.php 第 18 行.
NOTIC: [8] Undefined index: HTTP_RAW_POST_DATA /data/httpd/my/thinkphp/Application/Home/Controller/IndexController.class.php 第 91 行.
NOTIC: [8] Trying to get property of non-object /data/httpd/my/thinkphp/Application/Home/Controller/IndexController.class.php 第 93 行.
NOTIC: [8] Trying to get property of non-object /data/httpd/my/thinkphp/Application/Home/Controller/IndexController.class.php 第 94 行.
NOTIC: [8] Trying to get property of non-object /data/httpd/my/thinkphp/Application/Home/Controller/IndexController.class.php 第 96 行.
NOTIC: [8] Trying to get property of non-object /data/httpd/my/thinkphp/Application/Home/Controller/IndexController.class.php 第 97 行.
INFO: [ app_end ] --START--
INFO: Run Behavior\ShowPageTraceBehavior [ RunTime:0.000048s ]
INFO: [ app_end ] --END-- [ RunTime:0.000073s ]

[ 2018-01-03T18:08:22+08:00 ] 202.195.159.95 /
INFO: [ app_init ] --START--
INFO: Run Behavior\BuildLiteBehavior [ RunTime:0.000014s ]
INFO: [ app_init ] --END-- [ RunTime:0.000770s ]
INFO: [ app_begin ] --START--
INFO: Run Behavior\ReadHtmlCacheBehavior [ RunTime:0.000060s ]
INFO: [ app_begin ] --END-- [ RunTime:0.000106s ]
NOTIC: [8] Undefined index: signature /data/httpd/my/thinkphp/Application/Home/Controller/IndexController.class.php 第 14 行.
NOTIC: [8] Undefined index: nonce /data/httpd/my/thinkphp/Application/Home/Controller/IndexController.class.php 第 15 行.
NOTIC: [8] Undefined index: timestamp /data/httpd/my/thinkphp/Application/Home/Controller/IndexController.class.php 第 17 行.
NOTIC: [8] Undefined index: echostr /data/httpd/my/thinkphp/Application/Home/Controller/IndexController.class.php 第 18 行.
NOTIC: [8] Undefined index: HTTP_RAW_POST_DATA /data/httpd/my/thinkphp/Application/Home/Controller/IndexController.class.php 第 91 行.
NOTIC: [8] Trying to get property of non-object /data/httpd/my/thinkphp/Application/Home/Controller/IndexController.class.php 第 93 行.
NOTIC: [8] Trying to get property of non-object /data/httpd/my/thinkphp/Application/Home/Controller/IndexController.class.php 第 94 行.
NOTIC: [8] Trying to get property of non-object /data/httpd/my/thinkphp/Application/Home/Controller/IndexController.class.php 第 96 行.
NOTIC: [8] Trying to get property of non-object /data/httpd/my/thinkphp/Application/Home/Controller/IndexController.class.php 第 97 行.
INFO: [ app_end ] --START--
INFO: Run Behavior\ShowPageTraceBehavior [ RunTime:0.000062s ]
INFO: [ app_end ] --END-- [ RunTime:0.000098s ]

[ 2018-01-03T18:08:22+08:00 ] 202.195.159.95 /
INFO: [ app_init ] --START--
INFO: Run Behavior\BuildLiteBehavior [ RunTime:0.000011s ]
INFO: [ app_init ] --END-- [ RunTime:0.000109s ]
INFO: [ app_begin ] --START--
INFO: Run Behavior\ReadHtmlCacheBehavior [ RunTime:0.000047s ]
INFO: [ app_begin ] --END-- [ RunTime:0.000073s ]
NOTIC: [8] Undefined index: signature /data/httpd/my/thinkphp/Application/Home/Controller/IndexController.class.php 第 14 行.
NOTIC: [8] Undefined index: nonce /data/httpd/my/thinkphp/Application/Home/Controller/IndexController.class.php 第 15 行.
NOTIC: [8] Undefined index: timestamp /data/httpd/my/thinkphp/Application/Home/Controller/IndexController.class.php 第 17 行.
NOTIC: [8] Undefined index: echostr /data/httpd/my/thinkphp/Application/Home/Controller/IndexController.class.php 第 18 行.
NOTIC: [8] Undefined index: HTTP_RAW_POST_DATA /data/httpd/my/thinkphp/Application/Home/Controller/IndexController.class.php 第 91 行.
NOTIC: [8] Trying to get property of non-object /data/httpd/my/thinkphp/Application/Home/Controller/IndexController.class.php 第 93 行.
NOTIC: [8] Trying to get property of non-object /data/httpd/my/thinkphp/Application/Home/Controller/IndexController.class.php 第 94 行.
NOTIC: [8] Trying to get property of non-object /data/httpd/my/thinkphp/Application/Home/Controller/IndexController.class.php 第 96 行.
NOTIC: [8] Trying to get property of non-object /data/httpd/my/thinkphp/Application/Home/Controller/IndexController.class.php 第 97 行.
INFO: [ app_end ] --START--
INFO: Run Behavior\ShowPageTraceBehavior [ RunTime:0.000057s ]
INFO: [ app_end ] --END-- [ RunTime:0.000085s ]

[ 2018-01-03T18:08:22+08:00 ] 202.195.159.95 /
INFO: [ app_init ] --START--
INFO: Run Behavior\BuildLiteBehavior [ RunTime:0.000012s ]
INFO: [ app_init ] --END-- [ RunTime:0.000105s ]
INFO: [ app_begin ] --START--
INFO: Run Behavior\ReadHtmlCacheBehavior [ RunTime:0.000047s ]
INFO: [ app_begin ] --END-- [ RunTime:0.000077s ]
NOTIC: [8] Undefined index: signature /data/httpd/my/thinkphp/Application/Home/Controller/IndexController.class.php 第 14 行.
NOTIC: [8] Undefined index: nonce /data/httpd/my/thinkphp/Application/Home/Controller/IndexController.class.php 第 15 行.
NOTIC: [8] Undefined index: timestamp /data/httpd/my/thinkphp/Application/Home/Controller/IndexController.class.php 第 17 行.
NOTIC: [8] Undefined index: echostr /data/httpd/my/thinkphp/Application/Home/Controller/IndexController.class.php 第 18 行.
NOTIC: [8] Undefined index: HTTP_RAW_POST_DATA /data/httpd/my/thinkphp/Application/Home/Controller/IndexController.class.php 第 91 行.
NOTIC: [8] Trying to get property of non-object /data/httpd/my/thinkphp/Application/Home/Controller/IndexController.class.php 第 93 行.
NOTIC: [8] Trying to get property of non-object /data/httpd/my/thinkphp/Application/Home/Controller/IndexController.class.php 第 94 行.
NOTIC: [8] Trying to get property of non-object /data/httpd/my/thinkphp/Application/Home/Controller/IndexController.class.php 第 96 行.
NOTIC: [8] Trying to get property of non-object /data/httpd/my/thinkphp/Application/Home/Controller/IndexController.class.php 第 97 行.
INFO: [ app_end ] --START--
INFO: Run Behavior\ShowPageTraceBehavior [ RunTime:0.000050s ]
INFO: [ app_end ] --END-- [ RunTime:0.000078s ]

[ 2018-01-03T18:08:23+08:00 ] 202.195.159.95 /
INFO: [ app_init ] --START--
INFO: Run Behavior\BuildLiteBehavior [ RunTime:0.000012s ]
INFO: [ app_init ] --END-- [ RunTime:0.000110s ]
INFO: [ app_begin ] --START--
INFO: Run Behavior\ReadHtmlCacheBehavior [ RunTime:0.000053s ]
INFO: [ app_begin ] --END-- [ RunTime:0.000083s ]
NOTIC: [8] Undefined index: signature /data/httpd/my/thinkphp/Application/Home/Controller/IndexController.class.php 第 14 行.
NOTIC: [8] Undefined index: nonce /data/httpd/my/thinkphp/Application/Home/Controller/IndexController.class.php 第 15 行.
NOTIC: [8] Undefined index: timestamp /data/httpd/my/thinkphp/Application/Home/Controller/IndexController.class.php 第 17 行.
NOTIC: [8] Undefined index: echostr /data/httpd/my/thinkphp/Application/Home/Controller/IndexController.class.php 第 18 行.
NOTIC: [8] Undefined index: HTTP_RAW_POST_DATA /data/httpd/my/thinkphp/Application/Home/Controller/IndexController.class.php 第 91 行.
NOTIC: [8] Trying to get property of non-object /data/httpd/my/thinkphp/Application/Home/Controller/IndexController.class.php 第 93 行.
NOTIC: [8] Trying to get property of non-object /data/httpd/my/thinkphp/Application/Home/Controller/IndexController.class.php 第 94 行.
NOTIC: [8] Trying to get property of non-object /data/httpd/my/thinkphp/Application/Home/Controller/IndexController.class.php 第 96 行.
NOTIC: [8] Trying to get property of non-object /data/httpd/my/thinkphp/Application/Home/Controller/IndexController.class.php 第 97 行.
INFO: [ app_end ] --START--
INFO: Run Behavior\ShowPageTraceBehavior [ RunTime:0.000060s ]
INFO: [ app_end ] --END-- [ RunTime:0.000085s ]

[ 2018-01-03T18:08:23+08:00 ] 202.195.159.95 /
INFO: [ app_init ] --START--
INFO: Run Behavior\BuildLiteBehavior [ RunTime:0.000011s ]
INFO: [ app_init ] --END-- [ RunTime:0.000111s ]
INFO: [ app_begin ] --START--
INFO: Run Behavior\ReadHtmlCacheBehavior [ RunTime:0.000050s ]
INFO: [ app_begin ] --END-- [ RunTime:0.000079s ]
NOTIC: [8] Undefined index: signature /data/httpd/my/thinkphp/Application/Home/Controller/IndexController.class.php 第 14 行.
NOTIC: [8] Undefined index: nonce /data/httpd/my/thinkphp/Application/Home/Controller/IndexController.class.php 第 15 行.
NOTIC: [8] Undefined index: timestamp /data/httpd/my/thinkphp/Application/Home/Controller/IndexController.class.php 第 17 行.
NOTIC: [8] Undefined index: echostr /data/httpd/my/thinkphp/Application/Home/Controller/IndexController.class.php 第 18 行.
NOTIC: [8] Undefined index: HTTP_RAW_POST_DATA /data/httpd/my/thinkphp/Application/Home/Controller/IndexController.class.php 第 91 行.
NOTIC: [8] Trying to get property of non-object /data/httpd/my/thinkphp/Application/Home/Controller/IndexController.class.php 第 93 行.
NOTIC: [8] Trying to get property of non-object /data/httpd/my/thinkphp/Application/Home/Controller/IndexController.class.php 第 94 行.
NOTIC: [8] Trying to get property of non-object /data/httpd/my/thinkphp/Application/Home/Controller/IndexController.class.php 第 96 行.
NOTIC: [8] Trying to get property of non-object /data/httpd/my/thinkphp/Application/Home/Controller/IndexController.class.php 第 97 行.
INFO: [ app_end ] --START--
INFO: Run Behavior\ShowPageTraceBehavior [ RunTime:0.000049s ]
INFO: [ app_end ] --END-- [ RunTime:0.000074s ]

[ 2018-01-03T18:08:23+08:00 ] 202.195.159.95 /
INFO: [ app_init ] --START--
INFO: Run Behavior\BuildLiteBehavior [ RunTime:0.000011s ]
INFO: [ app_init ] --END-- [ RunTime:0.000114s ]
INFO: [ app_begin ] --START--
INFO: Run Behavior\ReadHtmlCacheBehavior [ RunTime:0.000045s ]
INFO: [ app_begin ] --END-- [ RunTime:0.000072s ]
NOTIC: [8] Undefined index: signature /data/httpd/my/thinkphp/Application/Home/Controller/IndexController.class.php 第 14 行.
NOTIC: [8] Undefined index: nonce /data/httpd/my/thinkphp/Application/Home/Controller/IndexController.class.php 第 15 行.
NOTIC: [8] Undefined index: timestamp /data/httpd/my/thinkphp/Application/Home/Controller/IndexController.class.php 第 17 行.
NOTIC: [8] Undefined index: echostr /data/httpd/my/thinkphp/Application/Home/Controller/IndexController.class.php 第 18 行.
NOTIC: [8] Undefined index: HTTP_RAW_POST_DATA /data/httpd/my/thinkphp/Application/Home/Controller/IndexController.class.php 第 91 行.
NOTIC: [8] Trying to get property of non-object /data/httpd/my/thinkphp/Application/Home/Controller/IndexController.class.php 第 93 行.
NOTIC: [8] Trying to get property of non-object /data/httpd/my/thinkphp/Application/Home/Controller/IndexController.class.php 第 94 行.
NOTIC: [8] Trying to get property of non-object /data/httpd/my/thinkphp/Application/Home/Controller/IndexController.class.php 第 96 行.
NOTIC: [8] Trying to get property of non-object /data/httpd/my/thinkphp/Application/Home/Controller/IndexController.class.php 第 97 行.
INFO: [ app_end ] --START--
INFO: Run Behavior\ShowPageTraceBehavior [ RunTime:0.000066s ]
INFO: [ app_end ] --END-- [ RunTime:0.000103s ]

[ 2018-01-03T18:08:23+08:00 ] 202.195.159.95 /
INFO: [ app_init ] --START--
INFO: Run Behavior\BuildLiteBehavior [ RunTime:0.000010s ]
INFO: [ app_init ] --END-- [ RunTime:0.000102s ]
INFO: [ app_begin ] --START--
INFO: Run Behavior\ReadHtmlCacheBehavior [ RunTime:0.000048s ]
INFO: [ app_begin ] --END-- [ RunTime:0.000090s ]
NOTIC: [8] Undefined index: signature /data/httpd/my/thinkphp/Application/Home/Controller/IndexController.class.php 第 14 行.
NOTIC: [8] Undefined index: nonce /data/httpd/my/thinkphp/Application/Home/Controller/IndexController.class.php 第 15 行.
NOTIC: [8] Undefined index: timestamp /data/httpd/my/thinkphp/Application/Home/Controller/IndexController.class.php 第 17 行.
NOTIC: [8] Undefined index: echostr /data/httpd/my/thinkphp/Application/Home/Controller/IndexController.class.php 第 18 行.
NOTIC: [8] Undefined index: HTTP_RAW_POST_DATA /data/httpd/my/thinkphp/Application/Home/Controller/IndexController.class.php 第 91 行.
NOTIC: [8] Trying to get property of non-object /data/httpd/my/thinkphp/Application/Home/Controller/IndexController.class.php 第 93 行.
NOTIC: [8] Trying to get property of non-object /data/httpd/my/thinkphp/Application/Home/Controller/IndexController.class.php 第 94 行.
NOTIC: [8] Trying to get property of non-object /data/httpd/my/thinkphp/Application/Home/Controller/IndexController.class.php 第 96 行.
NOTIC: [8] Trying to get property of non-object /data/httpd/my/thinkphp/Application/Home/Controller/IndexController.class.php 第 97 行.
INFO: [ app_end ] --START--
INFO: Run Behavior\ShowPageTraceBehavior [ RunTime:0.000066s ]
INFO: [ app_end ] --END-- [ RunTime:0.000094s ]

[ 2018-01-03T18:08:23+08:00 ] 202.195.159.95 /
INFO: [ app_init ] --START--
INFO: Run Behavior\BuildLiteBehavior [ RunTime:0.000012s ]
INFO: [ app_init ] --END-- [ RunTime:0.000126s ]
INFO: [ app_begin ] --START--
INFO: Run Behavior\ReadHtmlCacheBehavior [ RunTime:0.000059s ]
INFO: [ app_begin ] --END-- [ RunTime:0.000088s ]
NOTIC: [8] Undefined index: signature /data/httpd/my/thinkphp/Application/Home/Controller/IndexController.class.php 第 14 行.
NOTIC: [8] Undefined index: nonce /data/httpd/my/thinkphp/Application/Home/Controller/IndexController.class.php 第 15 行.
NOTIC: [8] Undefined index: timestamp /data/httpd/my/thinkphp/Application/Home/Controller/IndexController.class.php 第 17 行.
NOTIC: [8] Undefined index: echostr /data/httpd/my/thinkphp/Application/Home/Controller/IndexController.class.php 第 18 行.
NOTIC: [8] Undefined index: HTTP_RAW_POST_DATA /data/httpd/my/thinkphp/Application/Home/Controller/IndexController.class.php 第 91 行.
NOTIC: [8] Trying to get property of non-object /data/httpd/my/thinkphp/Application/Home/Controller/IndexController.class.php 第 93 行.
NOTIC: [8] Trying to get property of non-object /data/httpd/my/thinkphp/Application/Home/Controller/IndexController.class.php 第 94 行.
NOTIC: [8] Trying to get property of non-object /data/httpd/my/thinkphp/Application/Home/Controller/IndexController.class.php 第 96 行.
NOTIC: [8] Trying to get property of non-object /data/httpd/my/thinkphp/Application/Home/Controller/IndexController.class.php 第 97 行.
INFO: [ app_end ] --START--
INFO: Run Behavior\ShowPageTraceBehavior [ RunTime:0.000059s ]
INFO: [ app_end ] --END-- [ RunTime:0.000098s ]

[ 2018-01-03T18:08:23+08:00 ] 202.195.159.95 /
INFO: [ app_init ] --START--
INFO: Run Behavior\BuildLiteBehavior [ RunTime:0.000011s ]
INFO: [ app_init ] --END-- [ RunTime:0.000113s ]
INFO: [ app_begin ] --START--
INFO: Run Behavior\ReadHtmlCacheBehavior [ RunTime:0.000046s ]
INFO: [ app_begin ] --END-- [ RunTime:0.000075s ]
NOTIC: [8] Undefined index: signature /data/httpd/my/thinkphp/Application/Home/Controller/IndexController.class.php 第 14 行.
NOTIC: [8] Undefined index: nonce /data/httpd/my/thinkphp/Application/Home/Controller/IndexController.class.php 第 15 行.
NOTIC: [8] Undefined index: timestamp /data/httpd/my/thinkphp/Application/Home/Controller/IndexController.class.php 第 17 行.
NOTIC: [8] Undefined index: echostr /data/httpd/my/thinkphp/Application/Home/Controller/IndexController.class.php 第 18 行.
NOTIC: [8] Undefined index: HTTP_RAW_POST_DATA /data/httpd/my/thinkphp/Application/Home/Controller/IndexController.class.php 第 91 行.
NOTIC: [8] Trying to get property of non-object /data/httpd/my/thinkphp/Application/Home/Controller/IndexController.class.php 第 93 行.
NOTIC: [8] Trying to get property of non-object /data/httpd/my/thinkphp/Application/Home/Controller/IndexController.class.php 第 94 行.
NOTIC: [8] Trying to get property of non-object /data/httpd/my/thinkphp/Application/Home/Controller/IndexController.class.php 第 96 行.
NOTIC: [8] Trying to get property of non-object /data/httpd/my/thinkphp/Application/Home/Controller/IndexController.class.php 第 97 行.
INFO: [ app_end ] --START--
INFO: Run Behavior\ShowPageTraceBehavior [ RunTime:0.000051s ]
INFO: [ app_end ] --END-- [ RunTime:0.000080s ]

[ 2018-01-03T18:08:23+08:00 ] 202.195.159.95 /
INFO: [ app_init ] --START--
INFO: Run Behavior\BuildLiteBehavior [ RunTime:0.000011s ]
INFO: [ app_init ] --END-- [ RunTime:0.000120s ]
INFO: [ app_begin ] --START--
INFO: Run Behavior\ReadHtmlCacheBehavior [ RunTime:0.000046s ]
INFO: [ app_begin ] --END-- [ RunTime:0.000073s ]
NOTIC: [8] Undefined index: signature /data/httpd/my/thinkphp/Application/Home/Controller/IndexController.class.php 第 14 行.
NOTIC: [8] Undefined index: nonce /data/httpd/my/thinkphp/Application/Home/Controller/IndexController.class.php 第 15 行.
NOTIC: [8] Undefined index: timestamp /data/httpd/my/thinkphp/Application/Home/Controller/IndexController.class.php 第 17 行.
NOTIC: [8] Undefined index: echostr /data/httpd/my/thinkphp/Application/Home/Controller/IndexController.class.php 第 18 行.
NOTIC: [8] Undefined index: HTTP_RAW_POST_DATA /data/httpd/my/thinkphp/Application/Home/Controller/IndexController.class.php 第 91 行.
NOTIC: [8] Trying to get property of non-object /data/httpd/my/thinkphp/Application/Home/Controller/IndexController.class.php 第 93 行.
NOTIC: [8] Trying to get property of non-object /data/httpd/my/thinkphp/Application/Home/Controller/IndexController.class.php 第 94 行.
NOTIC: [8] Trying to get property of non-object /data/httpd/my/thinkphp/Application/Home/Controller/IndexController.class.php 第 96 行.
NOTIC: [8] Trying to get property of non-object /data/httpd/my/thinkphp/Application/Home/Controller/IndexController.class.php 第 97 行.
INFO: [ app_end ] --START--
INFO: Run Behavior\ShowPageTraceBehavior [ RunTime:0.000054s ]
INFO: [ app_end ] --END-- [ RunTime:0.000080s ]

[ 2018-01-03T18:08:24+08:00 ] 202.195.159.95 /
INFO: [ app_init ] --START--
INFO: Run Behavior\BuildLiteBehavior [ RunTime:0.000014s ]
INFO: [ app_init ] --END-- [ RunTime:0.000126s ]
INFO: [ app_begin ] --START--
INFO: Run Behavior\ReadHtmlCacheBehavior [ RunTime:0.000050s ]
INFO: [ app_begin ] --END-- [ RunTime:0.000082s ]
NOTIC: [8] Undefined index: signature /data/httpd/my/thinkphp/Application/Home/Controller/IndexController.class.php 第 14 行.
NOTIC: [8] Undefined index: nonce /data/httpd/my/thinkphp/Application/Home/Controller/IndexController.class.php 第 15 行.
NOTIC: [8] Undefined index: timestamp /data/httpd/my/thinkphp/Application/Home/Controller/IndexController.class.php 第 17 行.
NOTIC: [8] Undefined index: echostr /data/httpd/my/thinkphp/Application/Home/Controller/IndexController.class.php 第 18 行.
NOTIC: [8] Undefined index: HTTP_RAW_POST_DATA /data/httpd/my/thinkphp/Application/Home/Controller/IndexController.class.php 第 91 行.
NOTIC: [8] Trying to get property of non-object /data/httpd/my/thinkphp/Application/Home/Controller/IndexController.class.php 第 93 行.
NOTIC: [8] Trying to get property of non-object /data/httpd/my/thinkphp/Application/Home/Controller/IndexController.class.php 第 94 行.
NOTIC: [8] Trying to get property of non-object /data/httpd/my/thinkphp/Application/Home/Controller/IndexController.class.php 第 96 行.
NOTIC: [8] Trying to get property of non-object /data/httpd/my/thinkphp/Application/Home/Controller/IndexController.class.php 第 97 行.
INFO: [ app_end ] --START--
INFO: Run Behavior\ShowPageTraceBehavior [ RunTime:0.000060s ]
INFO: [ app_end ] --END-- [ RunTime:0.000092s ]

[ 2018-01-03T18:08:24+08:00 ] 202.195.159.95 /
INFO: [ app_init ] --START--
INFO: Run Behavior\BuildLiteBehavior [ RunTime:0.000015s ]
INFO: [ app_init ] --END-- [ RunTime:0.000154s ]
INFO: [ app_begin ] --START--
INFO: Run Behavior\ReadHtmlCacheBehavior [ RunTime:0.000075s ]
INFO: [ app_begin ] --END-- [ RunTime:0.000120s ]
NOTIC: [8] Undefined index: signature /data/httpd/my/thinkphp/Application/Home/Controller/IndexController.class.php 第 14 行.
NOTIC: [8] Undefined index: nonce /data/httpd/my/thinkphp/Application/Home/Controller/IndexController.class.php 第 15 行.
NOTIC: [8] Undefined index: timestamp /data/httpd/my/thinkphp/Application/Home/Controller/IndexController.class.php 第 17 行.
NOTIC: [8] Undefined index: echostr /data/httpd/my/thinkphp/Application/Home/Controller/IndexController.class.php 第 18 行.
NOTIC: [8] Undefined index: HTTP_RAW_POST_DATA /data/httpd/my/thinkphp/Application/Home/Controller/IndexController.class.php 第 91 行.
NOTIC: [8] Trying to get property of non-object /data/httpd/my/thinkphp/Application/Home/Controller/IndexController.class.php 第 93 行.
NOTIC: [8] Trying to get property of non-object /data/httpd/my/thinkphp/Application/Home/Controller/IndexController.class.php 第 94 行.
NOTIC: [8] Trying to get property of non-object /data/httpd/my/thinkphp/Application/Home/Controller/IndexController.class.php 第 96 行.
NOTIC: [8] Trying to get property of non-object /data/httpd/my/thinkphp/Application/Home/Controller/IndexController.class.php 第 97 行.
INFO: [ app_end ] --START--
INFO: Run Behavior\ShowPageTraceBehavior [ RunTime:0.000082s ]
INFO: [ app_end ] --END-- [ RunTime:0.000123s ]

[ 2018-01-03T18:08:24+08:00 ] 202.195.159.95 /
INFO: [ app_init ] --START--
INFO: Run Behavior\BuildLiteBehavior [ RunTime:0.000015s ]
INFO: [ app_init ] --END-- [ RunTime:0.000141s ]
INFO: [ app_begin ] --START--
INFO: Run Behavior\ReadHtmlCacheBehavior [ RunTime:0.000047s ]
INFO: [ app_begin ] --END-- [ RunTime:0.000075s ]
NOTIC: [8] Undefined index: signature /data/httpd/my/thinkphp/Application/Home/Controller/IndexController.class.php 第 14 行.
NOTIC: [8] Undefined index: nonce /data/httpd/my/thinkphp/Application/Home/Controller/IndexController.class.php 第 15 行.
NOTIC: [8] Undefined index: timestamp /data/httpd/my/thinkphp/Application/Home/Controller/IndexController.class.php 第 17 行.
NOTIC: [8] Undefined index: echostr /data/httpd/my/thinkphp/Application/Home/Controller/IndexController.class.php 第 18 行.
NOTIC: [8] Undefined index: HTTP_RAW_POST_DATA /data/httpd/my/thinkphp/Application/Home/Controller/IndexController.class.php 第 91 行.
NOTIC: [8] Trying to get property of non-object /data/httpd/my/thinkphp/Application/Home/Controller/IndexController.class.php 第 93 行.
NOTIC: [8] Trying to get property of non-object /data/httpd/my/thinkphp/Application/Home/Controller/IndexController.class.php 第 94 行.
NOTIC: [8] Trying to get property of non-object /data/httpd/my/thinkphp/Application/Home/Controller/IndexController.class.php 第 96 行.
NOTIC: [8] Trying to get property of non-object /data/httpd/my/thinkphp/Application/Home/Controller/IndexController.class.php 第 97 行.
INFO: [ app_end ] --START--
INFO: Run Behavior\ShowPageTraceBehavior [ RunTime:0.000049s ]
INFO: [ app_end ] --END-- [ RunTime:0.000074s ]

[ 2018-01-03T18:08:24+08:00 ] 202.195.159.95 /
INFO: [ app_init ] --START--
INFO: Run Behavior\BuildLiteBehavior [ RunTime:0.000031s ]
INFO: [ app_init ] --END-- [ RunTime:0.000160s ]
INFO: [ app_begin ] --START--
INFO: Run Behavior\ReadHtmlCacheBehavior [ RunTime:0.000066s ]
INFO: [ app_begin ] --END-- [ RunTime:0.000108s ]
NOTIC: [8] Undefined index: signature /data/httpd/my/thinkphp/Application/Home/Controller/IndexController.class.php 第 14 行.
NOTIC: [8] Undefined index: nonce /data/httpd/my/thinkphp/Application/Home/Controller/IndexController.class.php 第 15 行.
NOTIC: [8] Undefined index: timestamp /data/httpd/my/thinkphp/Application/Home/Controller/IndexController.class.php 第 17 行.
NOTIC: [8] Undefined index: echostr /data/httpd/my/thinkphp/Application/Home/Controller/IndexController.class.php 第 18 行.
NOTIC: [8] Undefined index: HTTP_RAW_POST_DATA /data/httpd/my/thinkphp/Application/Home/Controller/IndexController.class.php 第 91 行.
NOTIC: [8] Trying to get property of non-object /data/httpd/my/thinkphp/Application/Home/Controller/IndexController.class.php 第 93 行.
NOTIC: [8] Trying to get property of non-object /data/httpd/my/thinkphp/Application/Home/Controller/IndexController.class.php 第 94 行.
NOTIC: [8] Trying to get property of non-object /data/httpd/my/thinkphp/Application/Home/Controller/IndexController.class.php 第 96 行.
NOTIC: [8] Trying to get property of non-object /data/httpd/my/thinkphp/Application/Home/Controller/IndexController.class.php 第 97 行.
INFO: [ app_end ] --START--
INFO: Run Behavior\ShowPageTraceBehavior [ RunTime:0.000068s ]
INFO: [ app_end ] --END-- [ RunTime:0.000100s ]

[ 2018-01-03T18:08:24+08:00 ] 202.195.159.95 /
INFO: [ app_init ] --START--
INFO: Run Behavior\BuildLiteBehavior [ RunTime:0.000011s ]
INFO: [ app_init ] --END-- [ RunTime:0.000104s ]
INFO: [ app_begin ] --START--
INFO: Run Behavior\ReadHtmlCacheBehavior [ RunTime:0.000050s ]
INFO: [ app_begin ] --END-- [ RunTime:0.000091s ]
NOTIC: [8] Undefined index: signature /data/httpd/my/thinkphp/Application/Home/Controller/IndexController.class.php 第 14 行.
NOTIC: [8] Undefined index: nonce /data/httpd/my/thinkphp/Application/Home/Controller/IndexController.class.php 第 15 行.
NOTIC: [8] Undefined index: timestamp /data/httpd/my/thinkphp/Application/Home/Controller/IndexController.class.php 第 17 行.
NOTIC: [8] Undefined index: echostr /data/httpd/my/thinkphp/Application/Home/Controller/IndexController.class.php 第 18 行.
NOTIC: [8] Undefined index: HTTP_RAW_POST_DATA /data/httpd/my/thinkphp/Application/Home/Controller/IndexController.class.php 第 91 行.
NOTIC: [8] Trying to get property of non-object /data/httpd/my/thinkphp/Application/Home/Controller/IndexController.class.php 第 93 行.
NOTIC: [8] Trying to get property of non-object /data/httpd/my/thinkphp/Application/Home/Controller/IndexController.class.php 第 94 行.
NOTIC: [8] Trying to get property of non-object /data/httpd/my/thinkphp/Application/Home/Controller/IndexController.class.php 第 96 行.
NOTIC: [8] Trying to get property of non-object /data/httpd/my/thinkphp/Application/Home/Controller/IndexController.class.php 第 97 行.
INFO: [ app_end ] --START--
INFO: Run Behavior\ShowPageTraceBehavior [ RunTime:0.000066s ]
INFO: [ app_end ] --END-- [ RunTime:0.000095s ]

[ 2018-01-03T18:08:24+08:00 ] 202.195.159.95 /
INFO: [ app_init ] --START--
INFO: Run Behavior\BuildLiteBehavior [ RunTime:0.000011s ]
INFO: [ app_init ] --END-- [ RunTime:0.000106s ]
INFO: [ app_begin ] --START--
INFO: Run Behavior\ReadHtmlCacheBehavior [ RunTime:0.000044s ]
INFO: [ app_begin ] --END-- [ RunTime:0.000072s ]
NOTIC: [8] Undefined index: signature /data/httpd/my/thinkphp/Application/Home/Controller/IndexController.class.php 第 14 行.
NOTIC: [8] Undefined index: nonce /data/httpd/my/thinkphp/Application/Home/Controller/IndexController.class.php 第 15 行.
NOTIC: [8] Undefined index: timestamp /data/httpd/my/thinkphp/Application/Home/Controller/IndexController.class.php 第 17 行.
NOTIC: [8] Undefined index: echostr /data/httpd/my/thinkphp/Application/Home/Controller/IndexController.class.php 第 18 行.
NOTIC: [8] Undefined index: HTTP_RAW_POST_DATA /data/httpd/my/thinkphp/Application/Home/Controller/IndexController.class.php 第 91 行.
NOTIC: [8] Trying to get property of non-object /data/httpd/my/thinkphp/Application/Home/Controller/IndexController.class.php 第 93 行.
NOTIC: [8] Trying to get property of non-object /data/httpd/my/thinkphp/Application/Home/Controller/IndexController.class.php 第 94 行.
NOTIC: [8] Trying to get property of non-object /data/httpd/my/thinkphp/Application/Home/Controller/IndexController.class.php 第 96 行.
NOTIC: [8] Trying to get property of non-object /data/httpd/my/thinkphp/Application/Home/Controller/IndexController.class.php 第 97 行.
INFO: [ app_end ] --START--
INFO: Run Behavior\ShowPageTraceBehavior [ RunTime:0.000059s ]
INFO: [ app_end ] --END-- [ RunTime:0.000087s ]

[ 2018-01-03T18:08:24+08:00 ] 202.195.159.95 /
INFO: [ app_init ] --START--
INFO: Run Behavior\BuildLiteBehavior [ RunTime:0.000010s ]
INFO: [ app_init ] --END-- [ RunTime:0.000106s ]
INFO: [ app_begin ] --START--
INFO: Run Behavior\ReadHtmlCacheBehavior [ RunTime:0.000047s ]
INFO: [ app_begin ] --END-- [ RunTime:0.000078s ]
NOTIC: [8] Undefined index: signature /data/httpd/my/thinkphp/Application/Home/Controller/IndexController.class.php 第 14 行.
NOTIC: [8] Undefined index: nonce /data/httpd/my/thinkphp/Application/Home/Controller/IndexController.class.php 第 15 行.
NOTIC: [8] Undefined index: timestamp /data/httpd/my/thinkphp/Application/Home/Controller/IndexController.class.php 第 17 行.
NOTIC: [8] Undefined index: echostr /data/httpd/my/thinkphp/Application/Home/Controller/IndexController.class.php 第 18 行.
NOTIC: [8] Undefined index: HTTP_RAW_POST_DATA /data/httpd/my/thinkphp/Application/Home/Controller/IndexController.class.php 第 91 行.
NOTIC: [8] Trying to get property of non-object /data/httpd/my/thinkphp/Application/Home/Controller/IndexController.class.php 第 93 行.
NOTIC: [8] Trying to get property of non-object /data/httpd/my/thinkphp/Application/Home/Controller/IndexController.class.php 第 94 行.
NOTIC: [8] Trying to get property of non-object /data/httpd/my/thinkphp/Application/Home/Controller/IndexController.class.php 第 96 行.
NOTIC: [8] Trying to get property of non-object /data/httpd/my/thinkphp/Application/Home/Controller/IndexController.class.php 第 97 行.
INFO: [ app_end ] --START--
INFO: Run Behavior\ShowPageTraceBehavior [ RunTime:0.000071s ]
INFO: [ app_end ] --END-- [ RunTime:0.000107s ]

[ 2018-01-03T18:08:25+08:00 ] 202.195.159.95 /
INFO: [ app_init ] --START--
INFO: Run Behavior\BuildLiteBehavior [ RunTime:0.000011s ]
INFO: [ app_init ] --END-- [ RunTime:0.000107s ]
INFO: [ app_begin ] --START--
INFO: Run Behavior\ReadHtmlCacheBehavior [ RunTime:0.000057s ]
INFO: [ app_begin ] --END-- [ RunTime:0.000096s ]
NOTIC: [8] Undefined index: signature /data/httpd/my/thinkphp/Application/Home/Controller/IndexController.class.php 第 14 行.
NOTIC: [8] Undefined index: nonce /data/httpd/my/thinkphp/Application/Home/Controller/IndexController.class.php 第 15 行.
NOTIC: [8] Undefined index: timestamp /data/httpd/my/thinkphp/Application/Home/Controller/IndexController.class.php 第 17 行.
NOTIC: [8] Undefined index: echostr /data/httpd/my/thinkphp/Application/Home/Controller/IndexController.class.php 第 18 行.
NOTIC: [8] Undefined index: HTTP_RAW_POST_DATA /data/httpd/my/thinkphp/Application/Home/Controller/IndexController.class.php 第 91 行.
NOTIC: [8] Trying to get property of non-object /data/httpd/my/thinkphp/Application/Home/Controller/IndexController.class.php 第 93 行.
NOTIC: [8] Trying to get property of non-object /data/httpd/my/thinkphp/Application/Home/Controller/IndexController.class.php 第 94 行.
NOTIC: [8] Trying to get property of non-object /data/httpd/my/thinkphp/Application/Home/Controller/IndexController.class.php 第 96 行.
NOTIC: [8] Trying to get property of non-object /data/httpd/my/thinkphp/Application/Home/Controller/IndexController.class.php 第 97 行.
INFO: [ app_end ] --START--
INFO: Run Behavior\ShowPageTraceBehavior [ RunTime:0.000064s ]
INFO: [ app_end ] --END-- [ RunTime:0.000097s ]

[ 2018-01-03T18:08:25+08:00 ] 202.195.159.95 /
INFO: [ app_init ] --START--
INFO: Run Behavior\BuildLiteBehavior [ RunTime:0.000010s ]
INFO: [ app_init ] --END-- [ RunTime:0.000105s ]
INFO: [ app_begin ] --START--
INFO: Run Behavior\ReadHtmlCacheBehavior [ RunTime:0.000050s ]
INFO: [ app_begin ] --END-- [ RunTime:0.000081s ]
NOTIC: [8] Undefined index: signature /data/httpd/my/thinkphp/Application/Home/Controller/IndexController.class.php 第 14 行.
NOTIC: [8] Undefined index: nonce /data/httpd/my/thinkphp/Application/Home/Controller/IndexController.class.php 第 15 行.
NOTIC: [8] Undefined index: timestamp /data/httpd/my/thinkphp/Application/Home/Controller/IndexController.class.php 第 17 行.
NOTIC: [8] Undefined index: echostr /data/httpd/my/thinkphp/Application/Home/Controller/IndexController.class.php 第 18 行.
NOTIC: [8] Undefined index: HTTP_RAW_POST_DATA /data/httpd/my/thinkphp/Application/Home/Controller/IndexController.class.php 第 91 行.
NOTIC: [8] Trying to get property of non-object /data/httpd/my/thinkphp/Application/Home/Controller/IndexController.class.php 第 93 行.
NOTIC: [8] Trying to get property of non-object /data/httpd/my/thinkphp/Application/Home/Controller/IndexController.class.php 第 94 行.
NOTIC: [8] Trying to get property of non-object /data/httpd/my/thinkphp/Application/Home/Controller/IndexController.class.php 第 96 行.
NOTIC: [8] Trying to get property of non-object /data/httpd/my/thinkphp/Application/Home/Controller/IndexController.class.php 第 97 行.
INFO: [ app_end ] --START--
INFO: Run Behavior\ShowPageTraceBehavior [ RunTime:0.000058s ]
INFO: [ app_end ] --END-- [ RunTime:0.000085s ]

[ 2018-01-03T18:08:26+08:00 ] 202.195.159.95 /
INFO: [ app_init ] --START--
INFO: Run Behavior\BuildLiteBehavior [ RunTime:0.000011s ]
INFO: [ app_init ] --END-- [ RunTime:0.000107s ]
INFO: [ app_begin ] --START--
INFO: Run Behavior\ReadHtmlCacheBehavior [ RunTime:0.000047s ]
INFO: [ app_begin ] --END-- [ RunTime:0.000078s ]
NOTIC: [8] Undefined index: signature /data/httpd/my/thinkphp/Application/Home/Controller/IndexController.class.php 第 14 行.
NOTIC: [8] Undefined index: nonce /data/httpd/my/thinkphp/Application/Home/Controller/IndexController.class.php 第 15 行.
NOTIC: [8] Undefined index: timestamp /data/httpd/my/thinkphp/Application/Home/Controller/IndexController.class.php 第 17 行.
NOTIC: [8] Undefined index: echostr /data/httpd/my/thinkphp/Application/Home/Controller/IndexController.class.php 第 18 行.
NOTIC: [8] Undefined index: HTTP_RAW_POST_DATA /data/httpd/my/thinkphp/Application/Home/Controller/IndexController.class.php 第 91 行.
NOTIC: [8] Trying to get property of non-object /data/httpd/my/thinkphp/Application/Home/Controller/IndexController.class.php 第 93 行.
NOTIC: [8] Trying to get property of non-object /data/httpd/my/thinkphp/Application/Home/Controller/IndexController.class.php 第 94 行.
NOTIC: [8] Trying to get property of non-object /data/httpd/my/thinkphp/Application/Home/Controller/IndexController.class.php 第 96 行.
NOTIC: [8] Trying to get property of non-object /data/httpd/my/thinkphp/Application/Home/Controller/IndexController.class.php 第 97 行.
INFO: [ app_end ] --START--
INFO: Run Behavior\ShowPageTraceBehavior [ RunTime:0.000056s ]
INFO: [ app_end ] --END-- [ RunTime:0.000091s ]

[ 2018-01-03T18:08:26+08:00 ] 202.195.159.95 /
INFO: [ app_init ] --START--
INFO: Run Behavior\BuildLiteBehavior [ RunTime:0.000012s ]
INFO: [ app_init ] --END-- [ RunTime:0.000106s ]
INFO: [ app_begin ] --START--
INFO: Run Behavior\ReadHtmlCacheBehavior [ RunTime:0.000045s ]
INFO: [ app_begin ] --END-- [ RunTime:0.000072s ]
NOTIC: [8] Undefined index: signature /data/httpd/my/thinkphp/Application/Home/Controller/IndexController.class.php 第 14 行.
NOTIC: [8] Undefined index: nonce /data/httpd/my/thinkphp/Application/Home/Controller/IndexController.class.php 第 15 行.
NOTIC: [8] Undefined index: timestamp /data/httpd/my/thinkphp/Application/Home/Controller/IndexController.class.php 第 17 行.
NOTIC: [8] Undefined index: echostr /data/httpd/my/thinkphp/Application/Home/Controller/IndexController.class.php 第 18 行.
NOTIC: [8] Undefined index: HTTP_RAW_POST_DATA /data/httpd/my/thinkphp/Application/Home/Controller/IndexController.class.php 第 91 行.
NOTIC: [8] Trying to get property of non-object /data/httpd/my/thinkphp/Application/Home/Controller/IndexController.class.php 第 93 行.
NOTIC: [8] Trying to get property of non-object /data/httpd/my/thinkphp/Application/Home/Controller/IndexController.class.php 第 94 行.
NOTIC: [8] Trying to get property of non-object /data/httpd/my/thinkphp/Application/Home/Controller/IndexController.class.php 第 96 行.
NOTIC: [8] Trying to get property of non-object /data/httpd/my/thinkphp/Application/Home/Controller/IndexController.class.php 第 97 行.
INFO: [ app_end ] --START--
INFO: Run Behavior\ShowPageTraceBehavior [ RunTime:0.000052s ]
INFO: [ app_end ] --END-- [ RunTime:0.000079s ]

[ 2018-01-03T18:09:31+08:00 ] 202.195.159.95 /
INFO: [ app_init ] --START--
INFO: Run Behavior\BuildLiteBehavior [ RunTime:0.000012s ]
INFO: [ app_init ] --END-- [ RunTime:0.000872s ]
INFO: [ app_begin ] --START--
INFO: Run Behavior\ReadHtmlCacheBehavior [ RunTime:0.000320s ]
INFO: [ app_begin ] --END-- [ RunTime:0.000359s ]
NOTIC: [8] Undefined index: signature /data/httpd/my/thinkphp/Application/Home/Controller/IndexController.class.php 第 14 行.
NOTIC: [8] Undefined index: nonce /data/httpd/my/thinkphp/Application/Home/Controller/IndexController.class.php 第 15 行.
NOTIC: [8] Undefined index: timestamp /data/httpd/my/thinkphp/Application/Home/Controller/IndexController.class.php 第 17 行.
NOTIC: [8] Undefined index: echostr /data/httpd/my/thinkphp/Application/Home/Controller/IndexController.class.php 第 18 行.
NOTIC: [8] Undefined index: HTTP_RAW_POST_DATA /data/httpd/my/thinkphp/Application/Home/Controller/IndexController.class.php 第 91 行.
NOTIC: [8] Trying to get property of non-object /data/httpd/my/thinkphp/Application/Home/Controller/IndexController.class.php 第 93 行.
NOTIC: [8] Trying to get property of non-object /data/httpd/my/thinkphp/Application/Home/Controller/IndexController.class.php 第 94 行.
NOTIC: [8] Trying to get property of non-object /data/httpd/my/thinkphp/Application/Home/Controller/IndexController.class.php 第 96 行.
NOTIC: [8] Trying to get property of non-object /data/httpd/my/thinkphp/Application/Home/Controller/IndexController.class.php 第 97 行.
INFO: [ app_end ] --START--
INFO: Run Behavior\ShowPageTraceBehavior [ RunTime:0.000329s ]
INFO: [ app_end ] --END-- [ RunTime:0.000374s ]

[ 2018-01-03T18:09:32+08:00 ] 202.195.159.95 /
INFO: [ app_init ] --START--
INFO: Run Behavior\BuildLiteBehavior [ RunTime:0.000011s ]
INFO: [ app_init ] --END-- [ RunTime:0.000118s ]
INFO: [ app_begin ] --START--
INFO: Run Behavior\ReadHtmlCacheBehavior [ RunTime:0.000054s ]
INFO: [ app_begin ] --END-- [ RunTime:0.000088s ]
NOTIC: [8] Undefined index: signature /data/httpd/my/thinkphp/Application/Home/Controller/IndexController.class.php 第 14 行.
NOTIC: [8] Undefined index: nonce /data/httpd/my/thinkphp/Application/Home/Controller/IndexController.class.php 第 15 行.
NOTIC: [8] Undefined index: timestamp /data/httpd/my/thinkphp/Application/Home/Controller/IndexController.class.php 第 17 行.
NOTIC: [8] Undefined index: echostr /data/httpd/my/thinkphp/Application/Home/Controller/IndexController.class.php 第 18 行.
NOTIC: [8] Undefined index: HTTP_RAW_POST_DATA /data/httpd/my/thinkphp/Application/Home/Controller/IndexController.class.php 第 91 行.
NOTIC: [8] Trying to get property of non-object /data/httpd/my/thinkphp/Application/Home/Controller/IndexController.class.php 第 93 行.
NOTIC: [8] Trying to get property of non-object /data/httpd/my/thinkphp/Application/Home/Controller/IndexController.class.php 第 94 行.
NOTIC: [8] Trying to get property of non-object /data/httpd/my/thinkphp/Application/Home/Controller/IndexController.class.php 第 96 行.
NOTIC: [8] Trying to get property of non-object /data/httpd/my/thinkphp/Application/Home/Controller/IndexController.class.php 第 97 行.
INFO: [ app_end ] --START--
INFO: Run Behavior\ShowPageTraceBehavior [ RunTime:0.000056s ]
INFO: [ app_end ] --END-- [ RunTime:0.000090s ]

[ 2018-01-03T18:09:33+08:00 ] 202.195.159.95 /
INFO: [ app_init ] --START--
INFO: Run Behavior\BuildLiteBehavior [ RunTime:0.000011s ]
INFO: [ app_init ] --END-- [ RunTime:0.000108s ]
INFO: [ app_begin ] --START--
INFO: Run Behavior\ReadHtmlCacheBehavior [ RunTime:0.000061s ]
INFO: [ app_begin ] --END-- [ RunTime:0.000090s ]
NOTIC: [8] Undefined index: signature /data/httpd/my/thinkphp/Application/Home/Controller/IndexController.class.php 第 14 行.
NOTIC: [8] Undefined index: nonce /data/httpd/my/thinkphp/Application/Home/Controller/IndexController.class.php 第 15 行.
NOTIC: [8] Undefined index: timestamp /data/httpd/my/thinkphp/Application/Home/Controller/IndexController.class.php 第 17 行.
NOTIC: [8] Undefined index: echostr /data/httpd/my/thinkphp/Application/Home/Controller/IndexController.class.php 第 18 行.
NOTIC: [8] Undefined index: HTTP_RAW_POST_DATA /data/httpd/my/thinkphp/Application/Home/Controller/IndexController.class.php 第 91 行.
NOTIC: [8] Trying to get property of non-object /data/httpd/my/thinkphp/Application/Home/Controller/IndexController.class.php 第 93 行.
NOTIC: [8] Trying to get property of non-object /data/httpd/my/thinkphp/Application/Home/Controller/IndexController.class.php 第 94 行.
NOTIC: [8] Trying to get property of non-object /data/httpd/my/thinkphp/Application/Home/Controller/IndexController.class.php 第 96 行.
NOTIC: [8] Trying to get property of non-object /data/httpd/my/thinkphp/Application/Home/Controller/IndexController.class.php 第 97 行.
INFO: [ app_end ] --START--
INFO: Run Behavior\ShowPageTraceBehavior [ RunTime:0.000068s ]
INFO: [ app_end ] --END-- [ RunTime:0.000094s ]

[ 2018-01-03T18:09:33+08:00 ] 202.195.159.95 /
INFO: [ app_init ] --START--
INFO: Run Behavior\BuildLiteBehavior [ RunTime:0.000011s ]
INFO: [ app_init ] --END-- [ RunTime:0.000105s ]
INFO: [ app_begin ] --START--
INFO: Run Behavior\ReadHtmlCacheBehavior [ RunTime:0.000046s ]
INFO: [ app_begin ] --END-- [ RunTime:0.000073s ]
NOTIC: [8] Undefined index: signature /data/httpd/my/thinkphp/Application/Home/Controller/IndexController.class.php 第 14 行.
NOTIC: [8] Undefined index: nonce /data/httpd/my/thinkphp/Application/Home/Controller/IndexController.class.php 第 15 行.
NOTIC: [8] Undefined index: timestamp /data/httpd/my/thinkphp/Application/Home/Controller/IndexController.class.php 第 17 行.
NOTIC: [8] Undefined index: echostr /data/httpd/my/thinkphp/Application/Home/Controller/IndexController.class.php 第 18 行.
NOTIC: [8] Undefined index: HTTP_RAW_POST_DATA /data/httpd/my/thinkphp/Application/Home/Controller/IndexController.class.php 第 91 行.
NOTIC: [8] Trying to get property of non-object /data/httpd/my/thinkphp/Application/Home/Controller/IndexController.class.php 第 93 行.
NOTIC: [8] Trying to get property of non-object /data/httpd/my/thinkphp/Application/Home/Controller/IndexController.class.php 第 94 行.
NOTIC: [8] Trying to get property of non-object /data/httpd/my/thinkphp/Application/Home/Controller/IndexController.class.php 第 96 行.
NOTIC: [8] Trying to get property of non-object /data/httpd/my/thinkphp/Application/Home/Controller/IndexController.class.php 第 97 行.
INFO: [ app_end ] --START--
INFO: Run Behavior\ShowPageTraceBehavior [ RunTime:0.000050s ]
INFO: [ app_end ] --END-- [ RunTime:0.000077s ]

[ 2018-01-03T18:09:46+08:00 ] 202.195.159.95 /
INFO: [ app_init ] --START--
INFO: Run Behavior\BuildLiteBehavior [ RunTime:0.000018s ]
INFO: [ app_init ] --END-- [ RunTime:0.000875s ]
INFO: [ app_begin ] --START--
INFO: Run Behavior\ReadHtmlCacheBehavior [ RunTime:0.000291s ]
INFO: [ app_begin ] --END-- [ RunTime:0.000336s ]
NOTIC: [8] Undefined index: signature /data/httpd/my/thinkphp/Application/Home/Controller/IndexController.class.php 第 14 行.
NOTIC: [8] Undefined index: nonce /data/httpd/my/thinkphp/Application/Home/Controller/IndexController.class.php 第 15 行.
NOTIC: [8] Undefined index: timestamp /data/httpd/my/thinkphp/Application/Home/Controller/IndexController.class.php 第 17 行.
NOTIC: [8] Undefined index: echostr /data/httpd/my/thinkphp/Application/Home/Controller/IndexController.class.php 第 18 行.
NOTIC: [8] Undefined index: HTTP_RAW_POST_DATA /data/httpd/my/thinkphp/Application/Home/Controller/IndexController.class.php 第 91 行.
NOTIC: [8] Trying to get property of non-object /data/httpd/my/thinkphp/Application/Home/Controller/IndexController.class.php 第 93 行.
NOTIC: [8] Trying to get property of non-object /data/httpd/my/thinkphp/Application/Home/Controller/IndexController.class.php 第 94 行.
NOTIC: [8] Trying to get property of non-object /data/httpd/my/thinkphp/Application/Home/Controller/IndexController.class.php 第 96 行.
NOTIC: [8] Trying to get property of non-object /data/httpd/my/thinkphp/Application/Home/Controller/IndexController.class.php 第 97 行.
INFO: [ app_end ] --START--
INFO: Run Behavior\ShowPageTraceBehavior [ RunTime:0.000339s ]
INFO: [ app_end ] --END-- [ RunTime:0.000393s ]

[ 2018-01-03T18:09:48+08:00 ] 202.195.159.95 /
INFO: [ app_init ] --START--
INFO: Run Behavior\BuildLiteBehavior [ RunTime:0.000011s ]
INFO: [ app_init ] --END-- [ RunTime:0.000110s ]
INFO: [ app_begin ] --START--
INFO: Run Behavior\ReadHtmlCacheBehavior [ RunTime:0.000049s ]
INFO: [ app_begin ] --END-- [ RunTime:0.000083s ]
NOTIC: [8] Undefined index: signature /data/httpd/my/thinkphp/Application/Home/Controller/IndexController.class.php 第 14 行.
NOTIC: [8] Undefined index: nonce /data/httpd/my/thinkphp/Application/Home/Controller/IndexController.class.php 第 15 行.
NOTIC: [8] Undefined index: timestamp /data/httpd/my/thinkphp/Application/Home/Controller/IndexController.class.php 第 17 行.
NOTIC: [8] Undefined index: echostr /data/httpd/my/thinkphp/Application/Home/Controller/IndexController.class.php 第 18 行.
NOTIC: [8] Undefined index: HTTP_RAW_POST_DATA /data/httpd/my/thinkphp/Application/Home/Controller/IndexController.class.php 第 91 行.
NOTIC: [8] Trying to get property of non-object /data/httpd/my/thinkphp/Application/Home/Controller/IndexController.class.php 第 93 行.
NOTIC: [8] Trying to get property of non-object /data/httpd/my/thinkphp/Application/Home/Controller/IndexController.class.php 第 94 行.
NOTIC: [8] Trying to get property of non-object /data/httpd/my/thinkphp/Application/Home/Controller/IndexController.class.php 第 96 行.
NOTIC: [8] Trying to get property of non-object /data/httpd/my/thinkphp/Application/Home/Controller/IndexController.class.php 第 97 行.
INFO: [ app_end ] --START--
INFO: Run Behavior\ShowPageTraceBehavior [ RunTime:0.000052s ]
INFO: [ app_end ] --END-- [ RunTime:0.000078s ]

[ 2018-01-03T18:09:49+08:00 ] 202.195.159.95 /
INFO: [ app_init ] --START--
INFO: Run Behavior\BuildLiteBehavior [ RunTime:0.000013s ]
INFO: [ app_init ] --END-- [ RunTime:0.000116s ]
INFO: [ app_begin ] --START--
INFO: Run Behavior\ReadHtmlCacheBehavior [ RunTime:0.000054s ]
INFO: [ app_begin ] --END-- [ RunTime:0.000086s ]
NOTIC: [8] Undefined index: signature /data/httpd/my/thinkphp/Application/Home/Controller/IndexController.class.php 第 14 行.
NOTIC: [8] Undefined index: nonce /data/httpd/my/thinkphp/Application/Home/Controller/IndexController.class.php 第 15 行.
NOTIC: [8] Undefined index: timestamp /data/httpd/my/thinkphp/Application/Home/Controller/IndexController.class.php 第 17 行.
NOTIC: [8] Undefined index: echostr /data/httpd/my/thinkphp/Application/Home/Controller/IndexController.class.php 第 18 行.
NOTIC: [8] Undefined index: HTTP_RAW_POST_DATA /data/httpd/my/thinkphp/Application/Home/Controller/IndexController.class.php 第 91 行.
NOTIC: [8] Trying to get property of non-object /data/httpd/my/thinkphp/Application/Home/Controller/IndexController.class.php 第 93 行.
NOTIC: [8] Trying to get property of non-object /data/httpd/my/thinkphp/Application/Home/Controller/IndexController.class.php 第 94 行.
NOTIC: [8] Trying to get property of non-object /data/httpd/my/thinkphp/Application/Home/Controller/IndexController.class.php 第 96 行.
NOTIC: [8] Trying to get property of non-object /data/httpd/my/thinkphp/Application/Home/Controller/IndexController.class.php 第 97 行.
INFO: [ app_end ] --START--
INFO: Run Behavior\ShowPageTraceBehavior [ RunTime:0.000063s ]
INFO: [ app_end ] --END-- [ RunTime:0.000094s ]

[ 2018-01-03T18:09:49+08:00 ] 202.195.159.95 /
INFO: [ app_init ] --START--
INFO: Run Behavior\BuildLiteBehavior [ RunTime:0.000011s ]
INFO: [ app_init ] --END-- [ RunTime:0.000105s ]
INFO: [ app_begin ] --START--
INFO: Run Behavior\ReadHtmlCacheBehavior [ RunTime:0.000047s ]
INFO: [ app_begin ] --END-- [ RunTime:0.000078s ]
NOTIC: [8] Undefined index: signature /data/httpd/my/thinkphp/Application/Home/Controller/IndexController.class.php 第 14 行.
NOTIC: [8] Undefined index: nonce /data/httpd/my/thinkphp/Application/Home/Controller/IndexController.class.php 第 15 行.
NOTIC: [8] Undefined index: timestamp /data/httpd/my/thinkphp/Application/Home/Controller/IndexController.class.php 第 17 行.
NOTIC: [8] Undefined index: echostr /data/httpd/my/thinkphp/Application/Home/Controller/IndexController.class.php 第 18 行.
NOTIC: [8] Undefined index: HTTP_RAW_POST_DATA /data/httpd/my/thinkphp/Application/Home/Controller/IndexController.class.php 第 91 行.
NOTIC: [8] Trying to get property of non-object /data/httpd/my/thinkphp/Application/Home/Controller/IndexController.class.php 第 93 行.
NOTIC: [8] Trying to get property of non-object /data/httpd/my/thinkphp/Application/Home/Controller/IndexController.class.php 第 94 行.
NOTIC: [8] Trying to get property of non-object /data/httpd/my/thinkphp/Application/Home/Controller/IndexController.class.php 第 96 行.
NOTIC: [8] Trying to get property of non-object /data/httpd/my/thinkphp/Application/Home/Controller/IndexController.class.php 第 97 行.
INFO: [ app_end ] --START--
INFO: Run Behavior\ShowPageTraceBehavior [ RunTime:0.000056s ]
INFO: [ app_end ] --END-- [ RunTime:0.000085s ]

[ 2018-01-03T18:09:49+08:00 ] 202.195.159.95 /
INFO: [ app_init ] --START--
INFO: Run Behavior\BuildLiteBehavior [ RunTime:0.000011s ]
INFO: [ app_init ] --END-- [ RunTime:0.000105s ]
INFO: [ app_begin ] --START--
INFO: Run Behavior\ReadHtmlCacheBehavior [ RunTime:0.000046s ]
INFO: [ app_begin ] --END-- [ RunTime:0.000077s ]
NOTIC: [8] Undefined index: signature /data/httpd/my/thinkphp/Application/Home/Controller/IndexController.class.php 第 14 行.
NOTIC: [8] Undefined index: nonce /data/httpd/my/thinkphp/Application/Home/Controller/IndexController.class.php 第 15 行.
NOTIC: [8] Undefined index: timestamp /data/httpd/my/thinkphp/Application/Home/Controller/IndexController.class.php 第 17 行.
NOTIC: [8] Undefined index: echostr /data/httpd/my/thinkphp/Application/Home/Controller/IndexController.class.php 第 18 行.
NOTIC: [8] Undefined index: HTTP_RAW_POST_DATA /data/httpd/my/thinkphp/Application/Home/Controller/IndexController.class.php 第 91 行.
NOTIC: [8] Trying to get property of non-object /data/httpd/my/thinkphp/Application/Home/Controller/IndexController.class.php 第 93 行.
NOTIC: [8] Trying to get property of non-object /data/httpd/my/thinkphp/Application/Home/Controller/IndexController.class.php 第 94 行.
NOTIC: [8] Trying to get property of non-object /data/httpd/my/thinkphp/Application/Home/Controller/IndexController.class.php 第 96 行.
NOTIC: [8] Trying to get property of non-object /data/httpd/my/thinkphp/Application/Home/Controller/IndexController.class.php 第 97 行.
INFO: [ app_end ] --START--
INFO: Run Behavior\ShowPageTraceBehavior [ RunTime:0.000058s ]
INFO: [ app_end ] --END-- [ RunTime:0.000088s ]

[ 2018-01-03T18:10:15+08:00 ] 202.195.159.95 /
INFO: [ app_init ] --START--
INFO: Run Behavior\BuildLiteBehavior [ RunTime:0.000017s ]
INFO: [ app_init ] --END-- [ RunTime:0.000819s ]
INFO: [ app_begin ] --START--
INFO: Run Behavior\ReadHtmlCacheBehavior [ RunTime:0.000283s ]
INFO: [ app_begin ] --END-- [ RunTime:0.000321s ]
NOTIC: [8] Undefined index: signature /data/httpd/my/thinkphp/Application/Home/Controller/IndexController.class.php 第 14 行.
NOTIC: [8] Undefined index: nonce /data/httpd/my/thinkphp/Application/Home/Controller/IndexController.class.php 第 15 行.
NOTIC: [8] Undefined index: timestamp /data/httpd/my/thinkphp/Application/Home/Controller/IndexController.class.php 第 17 行.
NOTIC: [8] Undefined index: echostr /data/httpd/my/thinkphp/Application/Home/Controller/IndexController.class.php 第 18 行.
NOTIC: [8] Undefined index: HTTP_RAW_POST_DATA /data/httpd/my/thinkphp/Application/Home/Controller/IndexController.class.php 第 91 行.
NOTIC: [8] Trying to get property of non-object /data/httpd/my/thinkphp/Application/Home/Controller/IndexController.class.php 第 93 行.
NOTIC: [8] Trying to get property of non-object /data/httpd/my/thinkphp/Application/Home/Controller/IndexController.class.php 第 94 行.
NOTIC: [8] Trying to get property of non-object /data/httpd/my/thinkphp/Application/Home/Controller/IndexController.class.php 第 96 行.
NOTIC: [8] Trying to get property of non-object /data/httpd/my/thinkphp/Application/Home/Controller/IndexController.class.php 第 97 行.
INFO: [ app_end ] --START--
INFO: Run Behavior\ShowPageTraceBehavior [ RunTime:0.000316s ]
INFO: [ app_end ] --END-- [ RunTime:0.000351s ]

[ 2018-01-03T18:10:15+08:00 ] 202.195.159.95 /
INFO: [ app_init ] --START--
INFO: Run Behavior\BuildLiteBehavior [ RunTime:0.000011s ]
INFO: [ app_init ] --END-- [ RunTime:0.000115s ]
INFO: [ app_begin ] --START--
INFO: Run Behavior\ReadHtmlCacheBehavior [ RunTime:0.000050s ]
INFO: [ app_begin ] --END-- [ RunTime:0.000083s ]
NOTIC: [8] Undefined index: signature /data/httpd/my/thinkphp/Application/Home/Controller/IndexController.class.php 第 14 行.
NOTIC: [8] Undefined index: nonce /data/httpd/my/thinkphp/Application/Home/Controller/IndexController.class.php 第 15 行.
NOTIC: [8] Undefined index: timestamp /data/httpd/my/thinkphp/Application/Home/Controller/IndexController.class.php 第 17 行.
NOTIC: [8] Undefined index: echostr /data/httpd/my/thinkphp/Application/Home/Controller/IndexController.class.php 第 18 行.
NOTIC: [8] Undefined index: HTTP_RAW_POST_DATA /data/httpd/my/thinkphp/Application/Home/Controller/IndexController.class.php 第 91 行.
NOTIC: [8] Trying to get property of non-object /data/httpd/my/thinkphp/Application/Home/Controller/IndexController.class.php 第 93 行.
NOTIC: [8] Trying to get property of non-object /data/httpd/my/thinkphp/Application/Home/Controller/IndexController.class.php 第 94 行.
NOTIC: [8] Trying to get property of non-object /data/httpd/my/thinkphp/Application/Home/Controller/IndexController.class.php 第 96 行.
NOTIC: [8] Trying to get property of non-object /data/httpd/my/thinkphp/Application/Home/Controller/IndexController.class.php 第 97 行.
INFO: [ app_end ] --START--
INFO: Run Behavior\ShowPageTraceBehavior [ RunTime:0.000056s ]
INFO: [ app_end ] --END-- [ RunTime:0.000088s ]

[ 2018-01-03T18:10:16+08:00 ] 202.195.159.95 /
INFO: [ app_init ] --START--
INFO: Run Behavior\BuildLiteBehavior [ RunTime:0.000012s ]
INFO: [ app_init ] --END-- [ RunTime:0.000122s ]
INFO: [ app_begin ] --START--
INFO: Run Behavior\ReadHtmlCacheBehavior [ RunTime:0.000049s ]
INFO: [ app_begin ] --END-- [ RunTime:0.000078s ]
NOTIC: [8] Undefined index: signature /data/httpd/my/thinkphp/Application/Home/Controller/IndexController.class.php 第 14 行.
NOTIC: [8] Undefined index: nonce /data/httpd/my/thinkphp/Application/Home/Controller/IndexController.class.php 第 15 行.
NOTIC: [8] Undefined index: timestamp /data/httpd/my/thinkphp/Application/Home/Controller/IndexController.class.php 第 17 行.
NOTIC: [8] Undefined index: echostr /data/httpd/my/thinkphp/Application/Home/Controller/IndexController.class.php 第 18 行.
NOTIC: [8] Undefined index: HTTP_RAW_POST_DATA /data/httpd/my/thinkphp/Application/Home/Controller/IndexController.class.php 第 91 行.
NOTIC: [8] Trying to get property of non-object /data/httpd/my/thinkphp/Application/Home/Controller/IndexController.class.php 第 93 行.
NOTIC: [8] Trying to get property of non-object /data/httpd/my/thinkphp/Application/Home/Controller/IndexController.class.php 第 94 行.
NOTIC: [8] Trying to get property of non-object /data/httpd/my/thinkphp/Application/Home/Controller/IndexController.class.php 第 96 行.
NOTIC: [8] Trying to get property of non-object /data/httpd/my/thinkphp/Application/Home/Controller/IndexController.class.php 第 97 行.
INFO: [ app_end ] --START--
INFO: Run Behavior\ShowPageTraceBehavior [ RunTime:0.000058s ]
INFO: [ app_end ] --END-- [ RunTime:0.000088s ]

[ 2018-01-03T18:10:16+08:00 ] 202.195.159.95 /
INFO: [ app_init ] --START--
INFO: Run Behavior\BuildLiteBehavior [ RunTime:0.000011s ]
INFO: [ app_init ] --END-- [ RunTime:0.000106s ]
INFO: [ app_begin ] --START--
INFO: Run Behavior\ReadHtmlCacheBehavior [ RunTime:0.000046s ]
INFO: [ app_begin ] --END-- [ RunTime:0.000074s ]
NOTIC: [8] Undefined index: signature /data/httpd/my/thinkphp/Application/Home/Controller/IndexController.class.php 第 14 行.
NOTIC: [8] Undefined index: nonce /data/httpd/my/thinkphp/Application/Home/Controller/IndexController.class.php 第 15 行.
NOTIC: [8] Undefined index: timestamp /data/httpd/my/thinkphp/Application/Home/Controller/IndexController.class.php 第 17 行.
NOTIC: [8] Undefined index: echostr /data/httpd/my/thinkphp/Application/Home/Controller/IndexController.class.php 第 18 行.
NOTIC: [8] Undefined index: HTTP_RAW_POST_DATA /data/httpd/my/thinkphp/Application/Home/Controller/IndexController.class.php 第 91 行.
NOTIC: [8] Trying to get property of non-object /data/httpd/my/thinkphp/Application/Home/Controller/IndexController.class.php 第 93 行.
NOTIC: [8] Trying to get property of non-object /data/httpd/my/thinkphp/Application/Home/Controller/IndexController.class.php 第 94 行.
NOTIC: [8] Trying to get property of non-object /data/httpd/my/thinkphp/Application/Home/Controller/IndexController.class.php 第 96 行.
NOTIC: [8] Trying to get property of non-object /data/httpd/my/thinkphp/Application/Home/Controller/IndexController.class.php 第 97 行.
INFO: [ app_end ] --START--
INFO: Run Behavior\ShowPageTraceBehavior [ RunTime:0.000050s ]
INFO: [ app_end ] --END-- [ RunTime:0.000076s ]

[ 2018-01-03T18:10:17+08:00 ] 202.195.159.95 /
INFO: [ app_init ] --START--
INFO: Run Behavior\BuildLiteBehavior [ RunTime:0.000011s ]
INFO: [ app_init ] --END-- [ RunTime:0.000104s ]
INFO: [ app_begin ] --START--
INFO: Run Behavior\ReadHtmlCacheBehavior [ RunTime:0.000047s ]
INFO: [ app_begin ] --END-- [ RunTime:0.000075s ]
NOTIC: [8] Undefined index: signature /data/httpd/my/thinkphp/Application/Home/Controller/IndexController.class.php 第 14 行.
NOTIC: [8] Undefined index: nonce /data/httpd/my/thinkphp/Application/Home/Controller/IndexController.class.php 第 15 行.
NOTIC: [8] Undefined index: timestamp /data/httpd/my/thinkphp/Application/Home/Controller/IndexController.class.php 第 17 行.
NOTIC: [8] Undefined index: echostr /data/httpd/my/thinkphp/Application/Home/Controller/IndexController.class.php 第 18 行.
NOTIC: [8] Undefined index: HTTP_RAW_POST_DATA /data/httpd/my/thinkphp/Application/Home/Controller/IndexController.class.php 第 91 行.
NOTIC: [8] Trying to get property of non-object /data/httpd/my/thinkphp/Application/Home/Controller/IndexController.class.php 第 93 行.
NOTIC: [8] Trying to get property of non-object /data/httpd/my/thinkphp/Application/Home/Controller/IndexController.class.php 第 94 行.
NOTIC: [8] Trying to get property of non-object /data/httpd/my/thinkphp/Application/Home/Controller/IndexController.class.php 第 96 行.
NOTIC: [8] Trying to get property of non-object /data/httpd/my/thinkphp/Application/Home/Controller/IndexController.class.php 第 97 行.
INFO: [ app_end ] --START--
INFO: Run Behavior\ShowPageTraceBehavior [ RunTime:0.000051s ]
INFO: [ app_end ] --END-- [ RunTime:0.000077s ]

[ 2018-01-03T18:10:17+08:00 ] 202.195.159.95 /
INFO: [ app_init ] --START--
INFO: Run Behavior\BuildLiteBehavior [ RunTime:0.000011s ]
INFO: [ app_init ] --END-- [ RunTime:0.000104s ]
INFO: [ app_begin ] --START--
INFO: Run Behavior\ReadHtmlCacheBehavior [ RunTime:0.000046s ]
INFO: [ app_begin ] --END-- [ RunTime:0.000075s ]
NOTIC: [8] Undefined index: signature /data/httpd/my/thinkphp/Application/Home/Controller/IndexController.class.php 第 14 行.
NOTIC: [8] Undefined index: nonce /data/httpd/my/thinkphp/Application/Home/Controller/IndexController.class.php 第 15 行.
NOTIC: [8] Undefined index: timestamp /data/httpd/my/thinkphp/Application/Home/Controller/IndexController.class.php 第 17 行.
NOTIC: [8] Undefined index: echostr /data/httpd/my/thinkphp/Application/Home/Controller/IndexController.class.php 第 18 行.
NOTIC: [8] Undefined index: HTTP_RAW_POST_DATA /data/httpd/my/thinkphp/Application/Home/Controller/IndexController.class.php 第 91 行.
NOTIC: [8] Trying to get property of non-object /data/httpd/my/thinkphp/Application/Home/Controller/IndexController.class.php 第 93 行.
NOTIC: [8] Trying to get property of non-object /data/httpd/my/thinkphp/Application/Home/Controller/IndexController.class.php 第 94 行.
NOTIC: [8] Trying to get property of non-object /data/httpd/my/thinkphp/Application/Home/Controller/IndexController.class.php 第 96 行.
NOTIC: [8] Trying to get property of non-object /data/httpd/my/thinkphp/Application/Home/Controller/IndexController.class.php 第 97 行.
INFO: [ app_end ] --START--
INFO: Run Behavior\ShowPageTraceBehavior [ RunTime:0.000049s ]
INFO: [ app_end ] --END-- [ RunTime:0.000075s ]

[ 2018-01-03T18:12:40+08:00 ] 202.195.159.95 /
INFO: [ app_init ] --START--
INFO: Run Behavior\BuildLiteBehavior [ RunTime:0.000018s ]
INFO: [ app_init ] --END-- [ RunTime:0.000875s ]
INFO: [ app_begin ] --START--
INFO: Run Behavior\ReadHtmlCacheBehavior [ RunTime:0.000321s ]
INFO: [ app_begin ] --END-- [ RunTime:0.000371s ]
NOTIC: [8] Undefined index: signature /data/httpd/my/thinkphp/Application/Home/Controller/IndexController.class.php 第 14 行.
NOTIC: [8] Undefined index: nonce /data/httpd/my/thinkphp/Application/Home/Controller/IndexController.class.php 第 15 行.
NOTIC: [8] Undefined index: timestamp /data/httpd/my/thinkphp/Application/Home/Controller/IndexController.class.php 第 17 行.
NOTIC: [8] Undefined index: echostr /data/httpd/my/thinkphp/Application/Home/Controller/IndexController.class.php 第 18 行.
NOTIC: [8] Undefined index: HTTP_RAW_POST_DATA /data/httpd/my/thinkphp/Application/Home/Controller/IndexController.class.php 第 91 行.
NOTIC: [8] Trying to get property of non-object /data/httpd/my/thinkphp/Application/Home/Controller/IndexController.class.php 第 93 行.
NOTIC: [8] Trying to get property of non-object /data/httpd/my/thinkphp/Application/Home/Controller/IndexController.class.php 第 94 行.
NOTIC: [8] Trying to get property of non-object /data/httpd/my/thinkphp/Application/Home/Controller/IndexController.class.php 第 96 行.
NOTIC: [8] Trying to get property of non-object /data/httpd/my/thinkphp/Application/Home/Controller/IndexController.class.php 第 97 行.
INFO: [ app_end ] --START--
INFO: Run Behavior\ShowPageTraceBehavior [ RunTime:0.000369s ]
INFO: [ app_end ] --END-- [ RunTime:0.000423s ]

[ 2018-01-03T18:12:40+08:00 ] 202.195.159.95 /
INFO: [ app_init ] --START--
INFO: Run Behavior\BuildLiteBehavior [ RunTime:0.000010s ]
INFO: [ app_init ] --END-- [ RunTime:0.000121s ]
INFO: [ app_begin ] --START--
INFO: Run Behavior\ReadHtmlCacheBehavior [ RunTime:0.000049s ]
INFO: [ app_begin ] --END-- [ RunTime:0.000079s ]
NOTIC: [8] Undefined index: signature /data/httpd/my/thinkphp/Application/Home/Controller/IndexController.class.php 第 14 行.
NOTIC: [8] Undefined index: nonce /data/httpd/my/thinkphp/Application/Home/Controller/IndexController.class.php 第 15 行.
NOTIC: [8] Undefined index: timestamp /data/httpd/my/thinkphp/Application/Home/Controller/IndexController.class.php 第 17 行.
NOTIC: [8] Undefined index: echostr /data/httpd/my/thinkphp/Application/Home/Controller/IndexController.class.php 第 18 行.
NOTIC: [8] Undefined index: HTTP_RAW_POST_DATA /data/httpd/my/thinkphp/Application/Home/Controller/IndexController.class.php 第 91 行.
NOTIC: [8] Trying to get property of non-object /data/httpd/my/thinkphp/Application/Home/Controller/IndexController.class.php 第 93 行.
NOTIC: [8] Trying to get property of non-object /data/httpd/my/thinkphp/Application/Home/Controller/IndexController.class.php 第 94 行.
NOTIC: [8] Trying to get property of non-object /data/httpd/my/thinkphp/Application/Home/Controller/IndexController.class.php 第 96 行.
NOTIC: [8] Trying to get property of non-object /data/httpd/my/thinkphp/Application/Home/Controller/IndexController.class.php 第 97 行.
INFO: [ app_end ] --START--
INFO: Run Behavior\ShowPageTraceBehavior [ RunTime:0.000056s ]
INFO: [ app_end ] --END-- [ RunTime:0.000085s ]

[ 2018-01-03T18:12:40+08:00 ] 202.195.159.95 /
INFO: [ app_init ] --START--
INFO: Run Behavior\BuildLiteBehavior [ RunTime:0.000011s ]
INFO: [ app_init ] --END-- [ RunTime:0.000111s ]
INFO: [ app_begin ] --START--
INFO: Run Behavior\ReadHtmlCacheBehavior [ RunTime:0.000047s ]
INFO: [ app_begin ] --END-- [ RunTime:0.000076s ]
NOTIC: [8] Undefined index: signature /data/httpd/my/thinkphp/Application/Home/Controller/IndexController.class.php 第 14 行.
NOTIC: [8] Undefined index: nonce /data/httpd/my/thinkphp/Application/Home/Controller/IndexController.class.php 第 15 行.
NOTIC: [8] Undefined index: timestamp /data/httpd/my/thinkphp/Application/Home/Controller/IndexController.class.php 第 17 行.
NOTIC: [8] Undefined index: echostr /data/httpd/my/thinkphp/Application/Home/Controller/IndexController.class.php 第 18 行.
NOTIC: [8] Undefined index: HTTP_RAW_POST_DATA /data/httpd/my/thinkphp/Application/Home/Controller/IndexController.class.php 第 91 行.
NOTIC: [8] Trying to get property of non-object /data/httpd/my/thinkphp/Application/Home/Controller/IndexController.class.php 第 93 行.
NOTIC: [8] Trying to get property of non-object /data/httpd/my/thinkphp/Application/Home/Controller/IndexController.class.php 第 94 行.
NOTIC: [8] Trying to get property of non-object /data/httpd/my/thinkphp/Application/Home/Controller/IndexController.class.php 第 96 行.
NOTIC: [8] Trying to get property of non-object /data/httpd/my/thinkphp/Application/Home/Controller/IndexController.class.php 第 97 行.
INFO: [ app_end ] --START--
INFO: Run Behavior\ShowPageTraceBehavior [ RunTime:0.000051s ]
INFO: [ app_end ] --END-- [ RunTime:0.000076s ]

[ 2018-01-03T18:12:40+08:00 ] 202.195.159.95 /
INFO: [ app_init ] --START--
INFO: Run Behavior\BuildLiteBehavior [ RunTime:0.000011s ]
INFO: [ app_init ] --END-- [ RunTime:0.000108s ]
INFO: [ app_begin ] --START--
INFO: Run Behavior\ReadHtmlCacheBehavior [ RunTime:0.000046s ]
INFO: [ app_begin ] --END-- [ RunTime:0.000072s ]
NOTIC: [8] Undefined index: signature /data/httpd/my/thinkphp/Application/Home/Controller/IndexController.class.php 第 14 行.
NOTIC: [8] Undefined index: nonce /data/httpd/my/thinkphp/Application/Home/Controller/IndexController.class.php 第 15 行.
NOTIC: [8] Undefined index: timestamp /data/httpd/my/thinkphp/Application/Home/Controller/IndexController.class.php 第 17 行.
NOTIC: [8] Undefined index: echostr /data/httpd/my/thinkphp/Application/Home/Controller/IndexController.class.php 第 18 行.
NOTIC: [8] Undefined index: HTTP_RAW_POST_DATA /data/httpd/my/thinkphp/Application/Home/Controller/IndexController.class.php 第 91 行.
NOTIC: [8] Trying to get property of non-object /data/httpd/my/thinkphp/Application/Home/Controller/IndexController.class.php 第 93 行.
NOTIC: [8] Trying to get property of non-object /data/httpd/my/thinkphp/Application/Home/Controller/IndexController.class.php 第 94 行.
NOTIC: [8] Trying to get property of non-object /data/httpd/my/thinkphp/Application/Home/Controller/IndexController.class.php 第 96 行.
NOTIC: [8] Trying to get property of non-object /data/httpd/my/thinkphp/Application/Home/Controller/IndexController.class.php 第 97 行.
INFO: [ app_end ] --START--
INFO: Run Behavior\ShowPageTraceBehavior [ RunTime:0.000057s ]
INFO: [ app_end ] --END-- [ RunTime:0.000081s ]

[ 2018-01-03T18:12:41+08:00 ] 202.195.159.95 /
INFO: [ app_init ] --START--
INFO: Run Behavior\BuildLiteBehavior [ RunTime:0.000011s ]
INFO: [ app_init ] --END-- [ RunTime:0.000101s ]
INFO: [ app_begin ] --START--
INFO: Run Behavior\ReadHtmlCacheBehavior [ RunTime:0.000044s ]
INFO: [ app_begin ] --END-- [ RunTime:0.000083s ]
NOTIC: [8] Undefined index: signature /data/httpd/my/thinkphp/Application/Home/Controller/IndexController.class.php 第 14 行.
NOTIC: [8] Undefined index: nonce /data/httpd/my/thinkphp/Application/Home/Controller/IndexController.class.php 第 15 行.
NOTIC: [8] Undefined index: timestamp /data/httpd/my/thinkphp/Application/Home/Controller/IndexController.class.php 第 17 行.
NOTIC: [8] Undefined index: echostr /data/httpd/my/thinkphp/Application/Home/Controller/IndexController.class.php 第 18 行.
NOTIC: [8] Undefined index: HTTP_RAW_POST_DATA /data/httpd/my/thinkphp/Application/Home/Controller/IndexController.class.php 第 91 行.
NOTIC: [8] Trying to get property of non-object /data/httpd/my/thinkphp/Application/Home/Controller/IndexController.class.php 第 93 行.
NOTIC: [8] Trying to get property of non-object /data/httpd/my/thinkphp/Application/Home/Controller/IndexController.class.php 第 94 行.
NOTIC: [8] Trying to get property of non-object /data/httpd/my/thinkphp/Application/Home/Controller/IndexController.class.php 第 96 行.
NOTIC: [8] Trying to get property of non-object /data/httpd/my/thinkphp/Application/Home/Controller/IndexController.class.php 第 97 行.
INFO: [ app_end ] --START--
INFO: Run Behavior\ShowPageTraceBehavior [ RunTime:0.000049s ]
INFO: [ app_end ] --END-- [ RunTime:0.000074s ]

[ 2018-01-03T18:32:30+08:00 ] 202.195.159.95 /
INFO: [ app_init ] --START--
INFO: Run Behavior\BuildLiteBehavior [ RunTime:0.000012s ]
INFO: [ app_init ] --END-- [ RunTime:0.000107s ]
INFO: [ app_begin ] --START--
INFO: Run Behavior\ReadHtmlCacheBehavior [ RunTime:0.000067s ]
INFO: [ app_begin ] --END-- [ RunTime:0.000098s ]
NOTIC: [8] Undefined index: signature /data/httpd/my/thinkphp/Application/Home/Controller/IndexController.class.php 第 14 行.
NOTIC: [8] Undefined index: nonce /data/httpd/my/thinkphp/Application/Home/Controller/IndexController.class.php 第 15 行.
NOTIC: [8] Undefined index: timestamp /data/httpd/my/thinkphp/Application/Home/Controller/IndexController.class.php 第 17 行.
NOTIC: [8] Undefined index: echostr /data/httpd/my/thinkphp/Application/Home/Controller/IndexController.class.php 第 18 行.
NOTIC: [8] Undefined index: HTTP_RAW_POST_DATA /data/httpd/my/thinkphp/Application/Home/Controller/IndexController.class.php 第 91 行.
NOTIC: [8] Trying to get property of non-object /data/httpd/my/thinkphp/Application/Home/Controller/IndexController.class.php 第 93 行.
NOTIC: [8] Trying to get property of non-object /data/httpd/my/thinkphp/Application/Home/Controller/IndexController.class.php 第 94 行.
NOTIC: [8] Trying to get property of non-object /data/httpd/my/thinkphp/Application/Home/Controller/IndexController.class.php 第 96 行.
NOTIC: [8] Trying to get property of non-object /data/httpd/my/thinkphp/Application/Home/Controller/IndexController.class.php 第 97 行.
INFO: [ app_end ] --START--
INFO: Run Behavior\ShowPageTraceBehavior [ RunTime:0.000059s ]
INFO: [ app_end ] --END-- [ RunTime:0.000084s ]

